TN:
SF:/home/runner/work/ros2_uav_parameters/ros2_uav_parameters/build/ros2_uav_interfaces/rosidl_generator_cpp/ros2_uav_interfaces/srv/detail/parameter_client_register__struct.hpp
DA:36,17
DA:37,17
DA:38,17
DA:41,17
DA:42,17
DA:44,17
DA:164,20
DA:165,20
DA:166,20
DA:169,20
DA:170,20
DA:172,20
LF:12
LH:12
end_of_record
TN:
SF:/home/runner/work/ros2_uav_parameters/ros2_uav_parameters/src/ros2_uav_cpp/include/ros2_uav_cpp/ros2_logger.hpp
DA:30,4
DA:31,4
DA:33,0
DA:35,0
DA:36,0
DA:37,318
DA:39,318
DA:40,318
DA:41,0
DA:43,0
DA:44,0
DA:45,0
DA:47,0
DA:48,0
DA:49,0
DA:51,0
DA:52,0
LF:17
LH:5
end_of_record
TN:
SF:/home/runner/work/ros2_uav_parameters/ros2_uav_parameters/src/ros2_uav_parameters/examples/parameter_client_usage.cpp
DA:29,1
DA:30,3
DA:33,1
DA:35,2
DA:36,2
DA:37,1
DA:40,1
DA:41,1
DA:42,1
DA:48,1
DA:50,1
DA:54,4
DA:59,1
DA:62,1
DA:63,1
DA:66,1
DA:67,1
DA:68,1
DA:69,4
LF:19
LH:19
end_of_record
TN:
SF:/home/runner/work/ros2_uav_parameters/ros2_uav_parameters/src/ros2_uav_parameters/src/parameter_client.cpp
DA:26,4
DA:28,4
DA:29,4
DA:31,4
DA:32,4
DA:33,1
DA:35,2
DA:38,4
DA:39,4
DA:40,4
DA:41,1
DA:44,3
DA:45,9
DA:46,7
DA:48,1
DA:52,2
DA:53,2
DA:55,6
DA:56,8
DA:57,4
DA:58,8
DA:60,4
DA:61,14
DA:63,2
DA:65,2
DA:66,2
DA:68,2
DA:70,2
DA:72,6
DA:73,4
DA:74,4
DA:75,4
DA:76,4
DA:77,4
DA:80,4
DA:82,4
DA:83,4
DA:84,4
DA:85,4
DA:93,4
DA:96,4
DA:97,4
DA:98,4
DA:99,4
DA:106,4
DA:107,2
LF:46
LH:46
end_of_record
TN:
SF:/home/runner/work/ros2_uav_parameters/ros2_uav_parameters/src/ros2_uav_parameters/src/parameter_server.cpp
DA:35,3
DA:36,9
DA:39,3
DA:40,3
DA:47,11
DA:49,11
DA:50,92
DA:51,81
DA:53,0
DA:54,0
DA:56,81
DA:57,81
DA:58,81
DA:59,81
DA:61,11
DA:63,3
DA:65,6
DA:66,14
DA:67,11
DA:69,11
DA:70,11
DA:71,11
DA:72,0
DA:75,0
DA:76,0
DA:78,3
DA:79,3
DA:84,3
DA:86,3
DA:88,3
DA:90,3
DA:91,3
DA:92,3
DA:93,3
DA:94,6
DA:97,3
DA:98,3
DA:101,3
DA:103,3
DA:105,3
DA:106,3
DA:107,3
DA:108,3
LF:43
LH:38
end_of_record
TN:
SF:/home/runner/work/ros2_uav_parameters/ros2_uav_parameters/src/ros2_uav_parameters/src/parameters/parameter.cpp
DA:26,13
DA:28,13
DA:29,13
DA:30,3
DA:31,3
DA:32,3
DA:33,10
DA:34,3
DA:35,3
DA:36,3
DA:37,7
DA:38,1
DA:39,6
DA:40,1
DA:41,5
DA:42,1
DA:43,1
DA:44,1
DA:45,4
DA:46,1
DA:47,1
DA:48,1
DA:49,3
DA:50,1
DA:51,2
DA:52,1
DA:54,1
DA:56,14
DA:58,19
DA:61,19
DA:62,19
DA:64,19
DA:65,19
DA:67,8
DA:70,8
DA:71,8
DA:73,8
DA:75,120
DA:79,120
DA:80,8
DA:81,8
DA:83,112
DA:84,112
DA:85,112
DA:86,16
DA:87,16
DA:88,16
DA:89,48
DA:90,96
DA:91,78
DA:92,78
DA:93,78
DA:94,234
DA:96,112
DA:97,224
DA:98,112
DA:99,224
DA:101,336
DA:102,112
DA:103,336
DA:104,112
DA:106,16
DA:110,16
DA:111,16
DA:113,112
DA:115,112
DA:116,16
DA:117,24
DA:118,24
DA:119,40
DA:120,96
DA:121,78
DA:122,82
DA:123,82
DA:124,160
DA:125,18
DA:126,2
DA:127,4
DA:128,4
DA:129,6
DA:130,16
DA:131,6
DA:132,8
DA:133,8
DA:134,14
DA:135,10
DA:136,2
DA:137,4
DA:138,4
DA:139,6
DA:140,8
DA:141,2
DA:142,4
DA:143,4
DA:144,6
DA:145,6
DA:146,4
DA:147,6
DA:148,6
DA:149,10
DA:150,2
DA:151,2
DA:152,4
DA:153,4
DA:154,6
DA:163,10
DA:166,10
DA:167,10
DA:169,10
DA:170,10
DA:172,1
DA:175,1
DA:176,1
DA:178,1
DA:180,92
DA:182,92
DA:183,1
DA:184,1
DA:186,91
DA:187,186
DA:189,91
DA:190,91
DA:191,91
DA:192,91
DA:195,91
DA:196,182
DA:198,182
DA:202,10
DA:203,101
DA:204,91
DA:206,1
DA:208,1
DA:209,1
DA:211,95
DA:213,95
DA:214,100
DA:215,5
DA:218,5
DA:219,1
DA:221,4
DA:222,4
DA:223,4
DA:224,4
DA:225,8
DA:226,4
DA:227,4
DA:228,4
DA:229,4
DA:230,4
DA:233,5
DA:234,1
DA:237,1
DA:240,1
DA:241,1
DA:242,5
DA:244,96
DA:245,1
DA:247,1
DA:248,1
DA:249,1
DA:252,95
DA:254,10
DA:258,10
DA:259,10
DA:260,8
DA:262,8
DA:264,1
DA:265,16
DA:267,1
DA:268,1
DA:269,1
DA:270,1
DA:272,7
DA:273,7
DA:274,7
DA:275,7
DA:276,7
DA:277,2
DA:278,2
DA:280,1
DA:281,2
DA:282,1
DA:283,1
DA:285,1
DA:286,1
DA:287,1
DA:290,10
LF:187
LH:187
end_of_record
TN:
SF:/home/runner/work/ros2_uav_parameters/ros2_uav_parameters/src/uav_cpp/include/uav_cpp/parameters/parameter_impl.hpp
DA:28,4
DA:30,4
DA:31,4
DA:33,0
DA:35,4
DA:38,18
DA:40,18
DA:41,0
DA:43,18
DA:44,0
DA:45,0
DA:47,18
DA:48,18
DA:49,18
DA:50,2
DA:61,25
DA:63,25
DA:64,0
DA:66,25
DA:67,0
DA:68,0
DA:70,25
DA:71,0
DA:72,25
DA:73,0
DA:75,25
DA:77,25
DA:78,25
DA:79,14
DA:90,144
DA:92,144
DA:93,0
DA:95,144
DA:96,0
DA:97,0
DA:99,144
DA:100,0
DA:101,144
DA:102,0
DA:104,144
DA:106,144
DA:107,144
DA:108,75
DA:113,4
DA:115,4
DA:116,0
DA:118,4
DA:119,0
DA:120,0
DA:122,4
DA:123,4
DA:124,4
DA:125,20
DA:126,16
DA:127,0
DA:128,16
DA:129,0
DA:132,4
DA:133,4
DA:134,4
DA:135,0
DA:137,4
DA:140,12
DA:142,12
DA:143,0
DA:145,12
DA:146,0
DA:147,0
DA:149,12
DA:150,12
DA:151,12
DA:152,52
DA:153,40
DA:154,0
DA:155,40
DA:156,0
DA:159,12
DA:160,12
DA:161,12
DA:162,4
DA:164,12
DA:173,1
DA:175,1
DA:176,0
DA:178,0
DA:180,1
DA:181,0
DA:183,1
DA:184,1
DA:185,1
DA:186,1
DA:188,0
DA:190,1
DA:199,66
DA:201,70
DA:202,4
DA:204,0
DA:206,66
DA:207,0
DA:209,66
DA:210,66
DA:211,66
DA:212,62
DA:214,4
DA:216,66
LF:105
LH:74
end_of_record
TN:
SF:/home/runner/work/ros2_uav_parameters/ros2_uav_parameters/src/uav_cpp/include/uav_cpp/parameters/yaml_parameter_parser_impl.hpp
DA:30,11
DA:35,11
DA:36,11
DA:39,11
DA:41,11
DA:45,11
DA:47,11
DA:48,11
DA:49,0
DA:51,37
DA:52,15
DA:53,0
DA:55,15
DA:56,111
DA:57,81
DA:58,0
DA:61,81
DA:62,81
DA:64,81
DA:65,0
DA:66,0
DA:69,81
DA:71,81
DA:72,0
DA:73,0
DA:74,0
DA:75,0
DA:77,81
DA:78,162
DA:79,81
DA:80,81
DA:82,81
DA:84,4
DA:85,0
DA:86,4
DA:87,4
DA:88,0
DA:89,0
DA:90,0
DA:91,0
DA:93,0
DA:94,0
DA:95,0
DA:96,0
DA:97,77
DA:99,77
DA:100,1
DA:101,76
DA:102,74
DA:103,2
DA:104,2
DA:105,0
DA:106,0
DA:108,0
DA:109,0
DA:110,0
DA:111,0
DA:113,0
DA:117,81
DA:119,81
DA:120,67
DA:121,1
DA:122,1
DA:123,1
DA:124,1
DA:126,1
DA:127,1
DA:129,1
DA:130,66
DA:131,66
DA:132,66
DA:133,66
DA:134,64
DA:136,66
DA:137,4
DA:139,66
DA:142,81
DA:145,11
LF:78
LH:53
end_of_record
TN:
SF:/home/runner/work/ros2_uav_parameters/ros2_uav_parameters/src/uav_cpp/include/uav_cpp/utils/formatters.hpp
DA:42,24
DA:44,24
DA:53,24
DA:55,24
DA:56,104
DA:57,80
DA:58,56
DA:60,80
DA:62,24
DA:63,48
DA:64,24
LF:11
LH:11
end_of_record
TN:
SF:/home/runner/work/ros2_uav_parameters/ros2_uav_parameters/src/uav_cpp/include/uav_cpp/utils/logger.hpp
DA:39,0
DA:45,72
DA:51,12
DA:57,1
DA:63,0
DA:82,403
DA:84,403
DA:85,3
DA:87,403
DA:94,4
DA:96,4
DA:97,4
LF:12
LH:10
end_of_record
TN:
SF:/home/runner/work/ros2_uav_parameters/ros2_uav_parameters/src/uav_cpp/include/uav_cpp/utils/smart_pointer_base.hpp
DA:50,231
LF:1
LH:1
end_of_record
TN:
SF:/opt/ros/humble/include/builtin_interfaces/builtin_interfaces/msg/detail/time__struct.hpp
DA:36,183
DA:38,183
DA:41,183
DA:42,183
DA:44,183
LF:5
LH:5
end_of_record
TN:
SF:/opt/ros/humble/include/libstatistics_collector/libstatistics_collector/collector/collector.hpp
DA:41,0
DA:44,0
LF:2
LH:0
end_of_record
TN:
SF:/opt/ros/humble/include/libstatistics_collector/libstatistics_collector/collector/metric_details_interface.hpp
DA:34,0
LF:1
LH:0
end_of_record
TN:
SF:/opt/ros/humble/include/libstatistics_collector/libstatistics_collector/moving_average_statistics/moving_average.hpp
DA:53,0
LF:1
LH:0
end_of_record
TN:
SF:/opt/ros/humble/include/libstatistics_collector/libstatistics_collector/topic_statistics_collector/received_message_age.hpp
DA:64,0
DA:66,0
DA:97,0
DA:99,0
DA:107,0
DA:111,0
DA:113,0
DA:115,0
DA:116,0
DA:117,0
DA:119,0
DA:122,0
DA:129,0
DA:131,0
DA:139,0
DA:141,0
DA:145,0
DA:147,0
DA:150,0
DA:152,0
LF:20
LH:0
end_of_record
TN:
SF:/opt/ros/humble/include/libstatistics_collector/libstatistics_collector/topic_statistics_collector/received_message_period.hpp
DA:48,0
DA:49,0
DA:50,0
DA:51,0
DA:53,0
DA:62,0
DA:65,0
DA:69,0
DA:70,0
DA:72,0
DA:73,0
DA:74,0
DA:75,0
DA:77,0
DA:84,0
DA:86,0
DA:94,0
DA:96,0
DA:104,0
DA:106,0
DA:107,0
DA:110,0
DA:112,0
DA:119,0
DA:121,0
DA:122,0
LF:26
LH:0
end_of_record
TN:
SF:/opt/ros/humble/include/libstatistics_collector/libstatistics_collector/topic_statistics_collector/topic_statistics_collector.hpp
DA:40,0
DA:42,0
LF:2
LH:0
end_of_record
TN:
SF:/opt/ros/humble/include/rcl_interfaces/rcl_interfaces/msg/detail/floating_point_range__struct.hpp
DA:36,78
DA:38,78
DA:41,78
DA:42,78
DA:43,78
DA:45,78
LF:6
LH:6
end_of_record
TN:
SF:/opt/ros/humble/include/rcl_interfaces/rcl_interfaces/msg/detail/integer_range__struct.hpp
DA:36,16
DA:38,16
DA:41,16
DA:42,16
DA:43,16
DA:45,16
LF:6
LH:6
end_of_record
TN:
SF:/opt/ros/humble/include/rcl_interfaces/rcl_interfaces/msg/detail/parameter_descriptor__struct.hpp
DA:42,115
DA:43,115
DA:44,115
DA:47,115
DA:48,115
DA:49,0
DA:50,0
DA:51,0
DA:52,0
DA:53,0
DA:54,0
DA:55,0
DA:57,115
DA:60,115
DA:61,115
DA:62,115
DA:63,115
DA:65,115
DA:158,78
DA:161,78
DA:162,78
DA:164,16
DA:167,16
DA:168,16
LF:24
LH:17
end_of_record
TN:
SF:/opt/ros/humble/include/rcl_interfaces/rcl_interfaces/msg/detail/parameter_event__struct.hpp
DA:44,183
DA:45,183
DA:47,183
DA:50,183
DA:52,183
LF:5
LH:5
end_of_record
TN:
SF:/opt/ros/humble/include/rcl_interfaces/rcl_interfaces/srv/detail/set_parameters__struct.hpp
DA:40,4
DA:41,4
DA:43,4
DA:150,7
DA:151,7
DA:153,7
LF:6
LH:6
end_of_record
TN:
SF:/opt/ros/humble/include/rclcpp/rclcpp/allocator/allocator_common.hpp
DA:34,318
DA:36,318
DA:37,318
DA:38,0
DA:40,318
DA:44,62
DA:46,62
DA:47,62
DA:48,0
DA:50,62
DA:52,62
DA:53,62
DA:54,62
DA:56,62
DA:60,570
DA:62,570
DA:63,570
DA:64,0
DA:66,570
DA:68,570
DA:71,0
DA:73,0
DA:74,0
DA:75,0
DA:77,0
DA:79,0
DA:88,58
DA:90,58
DA:92,58
DA:93,58
DA:94,58
DA:95,58
DA:96,58
DA:100,116
LF:34
LH:25
end_of_record
TN:
SF:/opt/ros/humble/include/rclcpp/rclcpp/allocator/allocator_deleter.hpp
DA:80,58
DA:84,58
LF:2
LH:2
end_of_record
TN:
SF:/opt/ros/humble/include/rclcpp/rclcpp/any_service_callback.hpp
DA:61,91
DA:62,91
DA:63,91
DA:69,91
DA:78,91
DA:105,91
DA:154,10
DA:159,10
DA:160,10
DA:163,0
DA:165,10
DA:166,0
DA:167,0
DA:168,0
DA:170,10
DA:171,0
DA:172,0
DA:173,0
DA:176,10
DA:177,10
DA:179,10
DA:180,10
DA:181,0
DA:182,0
DA:183,0
DA:185,10
DA:186,10
DA:187,10
DA:189,91
DA:192,91
DA:193,364
DA:194,91
DA:198,91
DA:200,91
LF:34
LH:24
end_of_record
TN:
SF:/opt/ros/humble/include/rclcpp/rclcpp/any_subscription_callback.hpp
DA:349,29
DA:350,29
DA:351,116
DA:353,29
DA:354,29
DA:355,29
DA:357,696
DA:367,29
DA:376,29
DA:394,29
DA:398,29
DA:428,0
DA:431,0
DA:432,0
DA:433,0
DA:437,0
DA:440,0
DA:442,0
DA:446,0
DA:491,183
DA:495,183
DA:497,183
DA:498,183
DA:500,0
DA:504,183
DA:505,1202
DA:544,183
DA:546,0
DA:548,0
DA:550,0
DA:556,235
DA:562,0
DA:577,0
DA:585,183
DA:586,183
DA:587,183
DA:591,0
DA:595,0
DA:597,0
DA:598,0
DA:600,0
DA:604,0
DA:605,0
DA:610,0
DA:612,0
DA:614,0
DA:616,0
DA:624,0
DA:630,0
DA:657,0
DA:665,0
DA:666,0
DA:667,0
DA:670,0
DA:674,0
DA:676,0
DA:677,0
DA:679,0
DA:683,0
DA:684,0
DA:728,0
DA:735,0
DA:744,0
DA:753,0
DA:762,0
DA:771,0
DA:787,0
DA:795,0
DA:796,0
DA:797,0
DA:800,0
DA:804,0
DA:806,0
DA:807,0
DA:809,0
DA:813,0
DA:814,0
DA:862,0
DA:869,0
DA:878,0
DA:887,0
DA:896,0
DA:905,0
DA:921,0
DA:929,0
DA:930,0
DA:931,0
DA:935,0
DA:938,0
DA:939,0
DA:940,0
DA:941,0
DA:946,29
DA:949,58
DA:950,58
DA:951,58
DA:952,87
DA:953,58
DA:957,29
DA:960,29
DA:961,182
DA:962,62
DA:966,29
DA:968,29
LF:104
LH:34
end_of_record
TN:
SF:/opt/ros/humble/include/rclcpp/rclcpp/client.hpp
DA:63,14
DA:64,14
DA:65,14
DA:81,10
DA:88,64
DA:91,64
DA:109,3
DA:113,14
DA:195,9
DA:198,9
DA:200,9
DA:393,14
DA:464,14
DA:469,14
DA:473,14
DA:474,28
DA:476,14
DA:480,14
DA:481,0
DA:482,0
DA:484,0
DA:485,0
DA:491,0
DA:493,14
DA:495,14
DA:497,14
DA:523,17
DA:525,17
DA:533,17
DA:537,17
DA:546,14
DA:551,14
DA:552,14
DA:553,0
DA:555,14
DA:556,14
DA:557,14
DA:558,14
DA:559,14
DA:560,14
DA:561,0
DA:562,0
DA:563,0
DA:564,0
DA:565,0
DA:566,0
DA:567,0
DA:568,0
DA:569,0
DA:570,0
DA:571,0
DA:572,0
DA:573,0
DA:574,0
DA:575,0
DA:577,14
DA:608,14
DA:610,14
DA:611,14
DA:612,28
DA:613,14
DA:614,14
DA:615,28
DA:616,14
DA:794,14
DA:797,14
DA:798,14
DA:799,14
DA:800,0
DA:802,14
DA:804,14
DA:805,14
DA:806,14
DA:809,14
DA:811,14
DA:812,14
DA:813,14
DA:814,0
DA:817,0
DA:819,14
DA:820,14
DA:821,14
DA:822,14
LF:83
LH:59
end_of_record
TN:
SF:/opt/ros/humble/include/rclcpp/rclcpp/context.hpp
DA:329,0
DA:331,0
DA:333,0
DA:334,0
DA:335,0
DA:336,0
DA:338,0
DA:339,0
DA:340,0
DA:341,0
DA:343,0
DA:346,0
DA:348,0
DA:349,0
LF:14
LH:0
end_of_record
TN:
SF:/opt/ros/humble/include/rclcpp/rclcpp/create_client.hpp
DA:32,14
DA:40,14
DA:41,14
DA:43,14
DA:44,14
DA:49,14
DA:50,14
DA:51,28
DA:52,14
LF:9
LH:9
end_of_record
TN:
SF:/opt/ros/humble/include/rclcpp/rclcpp/create_publisher.hpp
DA:46,0
DA:56,0
DA:57,0
DA:58,0
DA:59,0
DA:60,0
DA:65,0
DA:72,0
DA:74,0
DA:75,0
LF:10
LH:0
end_of_record
TN:
SF:/opt/ros/humble/include/rclcpp/rclcpp/create_service.hpp
DA:34,91
DA:42,91
DA:43,91
DA:45,91
DA:46,91
DA:48,91
DA:49,91
DA:51,91
DA:52,91
DA:53,182
DA:54,91
LF:11
LH:11
end_of_record
TN:
SF:/opt/ros/humble/include/rclcpp/rclcpp/create_subscription.hpp
DA:56,29
DA:71,29
DA:74,29
DA:76,29
DA:78,29
DA:80,0
DA:81,0
DA:88,0
DA:91,0
DA:94,0
DA:96,0
DA:100,0
DA:101,0
DA:102,0
DA:103,0
DA:104,0
DA:106,0
DA:108,0
DA:110,0
DA:112,0
DA:114,0
DA:115,0
DA:119,0
DA:120,0
DA:122,29
DA:129,29
DA:130,29
DA:131,0
DA:132,0
DA:136,29
DA:137,29
DA:139,58
DA:140,29
DA:177,29
DA:192,29
LF:35
LH:14
end_of_record
TN:
SF:/opt/ros/humble/include/rclcpp/rclcpp/create_timer.hpp
DA:90,1
DA:97,1
DA:98,0
DA:101,1
DA:102,0
DA:105,1
DA:106,0
DA:111,1
DA:121,1
DA:124,1
DA:125,0
DA:129,1
DA:130,1
DA:131,0
DA:135,1
DA:136,1
DA:137,1
DA:138,2
DA:139,1
LF:19
LH:14
end_of_record
TN:
SF:/opt/ros/humble/include/rclcpp/rclcpp/detail/cpp_callback_trampoline.hpp
DA:58,0
DA:60,0
DA:61,0
LF:3
LH:0
end_of_record
TN:
SF:/opt/ros/humble/include/rclcpp/rclcpp/detail/qos_parameters.hpp
DA:204,0
DA:211,0
DA:212,0
DA:214,0
DA:215,0
DA:216,0
LF:6
LH:0
end_of_record
TN:
SF:/opt/ros/humble/include/rclcpp/rclcpp/detail/resolve_enable_topic_statistics.hpp
DA:30,29
DA:33,29
DA:34,0
DA:35,0
DA:36,0
DA:37,0
DA:38,0
DA:39,0
DA:40,29
DA:41,29
DA:42,29
DA:43,0
DA:44,0
DA:47,29
LF:14
LH:6
end_of_record
TN:
SF:/opt/ros/humble/include/rclcpp/rclcpp/detail/resolve_intra_process_buffer_type.hpp
DA:32,0
DA:36,0
DA:39,0
DA:40,0
DA:41,0
DA:43,0
DA:47,0
LF:7
LH:0
end_of_record
TN:
SF:/opt/ros/humble/include/rclcpp/rclcpp/detail/resolve_use_intra_process.hpp
DA:31,29
DA:34,29
DA:35,0
DA:36,0
DA:37,0
DA:38,0
DA:39,0
DA:40,0
DA:41,29
DA:42,29
DA:43,29
DA:44,0
DA:45,0
DA:49,29
LF:14
LH:6
end_of_record
TN:
SF:/opt/ros/humble/include/rclcpp/rclcpp/exceptions/exceptions.hpp
DA:142,0
DA:254,0
DA:255,0
DA:256,0
LF:4
LH:0
end_of_record
TN:
SF:/opt/ros/humble/include/rclcpp/rclcpp/executor.hpp
DA:297,30
DA:334,7
DA:336,6
DA:343,7
DA:344,7
DA:345,0
DA:348,7
DA:349,7
DA:351,7
DA:352,1
DA:354,7
DA:356,7
DA:357,0
DA:359,14
DA:360,65
DA:362,65
DA:365,65
DA:366,65
DA:367,7
DA:370,59
DA:371,48
DA:374,11
DA:375,11
DA:376,1
DA:379,10
DA:383,0
DA:384,7
LF:27
LH:24
end_of_record
TN:
SF:/opt/ros/humble/include/rclcpp/rclcpp/executor_options.hpp
DA:30,9
DA:31,9
DA:32,9
DA:33,9
DA:34,9
LF:5
LH:5
end_of_record
TN:
SF:/opt/ros/humble/include/rclcpp/rclcpp/experimental/buffers/buffer_implementation_base.hpp
DA:29,0
LF:1
LH:0
end_of_record
TN:
SF:/opt/ros/humble/include/rclcpp/rclcpp/experimental/buffers/intra_process_buffer.hpp
DA:40,0
DA:57,0
DA:85,0
DA:88,0
DA:89,0
DA:91,0
DA:92,0
DA:95,0
DA:97,0
DA:98,0
DA:100,0
DA:102,0
DA:104,0
DA:106,0
DA:108,0
DA:109,0
DA:111,0
DA:113,0
DA:114,0
DA:116,0
DA:118,0
DA:121,0
DA:123,0
DA:126,0
DA:128,0
DA:131,0
DA:133,0
DA:134,0
DA:136,0
DA:138,0
DA:151,0
DA:153,0
DA:154,0
DA:161,0
DA:166,0
DA:167,0
DA:168,0
DA:169,0
DA:170,0
DA:171,0
DA:173,0
DA:176,0
DA:177,0
DA:185,0
DA:187,0
DA:196,0
DA:199,0
DA:208,0
DA:210,0
DA:212,0
DA:213,0
DA:214,0
DA:215,0
DA:216,0
DA:217,0
DA:219,0
DA:222,0
DA:223,0
DA:231,0
DA:233,0
LF:60
LH:0
end_of_record
TN:
SF:/opt/ros/humble/include/rclcpp/rclcpp/experimental/buffers/ring_buffer_implementation.hpp
DA:44,0
DA:45,0
DA:46,0
DA:47,0
DA:48,0
DA:49,0
DA:51,0
DA:52,0
DA:54,0
DA:56,0
DA:64,0
DA:66,0
DA:68,0
DA:69,0
DA:71,0
DA:72,0
DA:74,0
DA:76,0
DA:84,0
DA:86,0
DA:88,0
DA:89,0
DA:92,0
DA:93,0
DA:95,0
DA:97,0
DA:98,0
DA:119,0
DA:121,0
DA:122,0
DA:123,0
DA:138,0
DA:148,0
DA:150,0
DA:159,0
DA:161,0
DA:171,0
DA:173,0
LF:38
LH:0
end_of_record
TN:
SF:/opt/ros/humble/include/rclcpp/rclcpp/experimental/create_intra_process_buffer.hpp
DA:37,0
DA:45,0
DA:48,0
DA:50,0
DA:51,0
DA:55,0
DA:60,0
DA:63,0
DA:66,0
DA:67,0
DA:68,0
DA:72,0
DA:77,0
DA:80,0
DA:83,0
DA:84,0
DA:85,0
DA:87,0
DA:92,0
DA:93,0
LF:20
LH:0
end_of_record
TN:
SF:/opt/ros/humble/include/rclcpp/rclcpp/experimental/intra_process_manager.hpp
DA:184,0
DA:192,0
DA:194,0
DA:195,0
DA:197,0
DA:200,0
DA:202,0
DA:204,0
DA:206,0
DA:208,0
DA:209,0
DA:210,0
DA:211,0
DA:217,0
DA:218,0
DA:219,0
DA:222,0
DA:223,0
DA:226,0
DA:227,0
DA:231,0
DA:233,0
DA:234,0
DA:235,0
DA:236,0
DA:237,0
DA:238,0
DA:247,0
DA:255,0
DA:257,0
DA:258,0
DA:260,0
DA:263,0
DA:265,0
DA:267,0
DA:269,0
DA:270,0
DA:271,0
DA:272,0
DA:274,0
DA:275,0
DA:278,0
DA:280,0
DA:281,0
DA:283,0
DA:285,0
DA:286,0
DA:287,0
DA:288,0
DA:291,0
DA:292,0
DA:293,0
DA:346,0
DA:359,0
DA:360,0
DA:361,0
DA:362,0
DA:364,0
DA:365,0
DA:366,0
DA:367,0
DA:370,0
DA:374,0
DA:375,0
DA:376,0
DA:379,0
DA:383,0
DA:384,0
DA:399,0
DA:413,0
DA:421,0
DA:438,0
DA:439,0
DA:440,0
DA:441,0
DA:443,0
DA:444,0
DA:445,0
DA:446,0
DA:449,0
DA:453,0
DA:454,0
DA:456,0
DA:458,0
DA:461,0
DA:462,0
DA:463,0
DA:465,0
DA:468,0
DA:469,0
DA:471,0
DA:475,0
DA:476,0
DA:495,0
DA:497,0
DA:499,0
DA:502,0
DA:503,0
DA:504,0
DA:505,0
DA:507,0
DA:508,0
DA:513,0
LF:103
LH:0
end_of_record
TN:
SF:/opt/ros/humble/include/rclcpp/rclcpp/experimental/ros_message_intra_process_buffer.hpp
DA:48,0
DA:52,0
DA:53,0
DA:55,0
DA:56,0
LF:5
LH:0
end_of_record
TN:
SF:/opt/ros/humble/include/rclcpp/rclcpp/experimental/subscription_intra_process.hpp
DA:74,0
DA:83,0
DA:88,0
DA:90,0
DA:98,0
DA:100,0
DA:102,0
DA:105,0
DA:107,0
DA:108,0
DA:110,0
DA:111,0
DA:112,0
DA:113,0
DA:116,0
DA:117,0
DA:118,0
DA:122,0
DA:125,0
DA:130,0
DA:131,0
DA:132,0
DA:133,0
DA:135,0
DA:137,0
DA:138,0
DA:151,0
DA:153,0
DA:154,0
DA:158,0
DA:159,0
DA:161,0
DA:164,0
DA:165,0
DA:166,0
DA:167,0
DA:168,0
DA:169,0
DA:170,0
DA:171,0
DA:172,0
LF:41
LH:0
end_of_record
TN:
SF:/opt/ros/humble/include/rclcpp/rclcpp/experimental/subscription_intra_process_base.hpp
DA:47,0
DA:51,0
DA:52,0
DA:59,0
DA:72,0
DA:75,0
DA:122,0
DA:124,0
DA:127,0
DA:132,0
DA:134,0
DA:135,0
DA:136,0
DA:143,0
DA:144,0
DA:149,0
DA:150,0
DA:152,0
DA:153,0
DA:155,0
DA:156,0
DA:157,0
DA:160,0
DA:162,0
DA:164,0
DA:168,0
DA:170,0
DA:171,0
DA:172,0
DA:184,0
DA:186,0
DA:187,0
DA:188,0
DA:190,0
DA:192,0
LF:35
LH:0
end_of_record
TN:
SF:/opt/ros/humble/include/rclcpp/rclcpp/experimental/subscription_intra_process_buffer.hpp
DA:75,0
DA:84,0
DA:86,0
DA:89,0
DA:93,0
DA:94,0
DA:97,0
DA:100,0
DA:119,0
DA:122,0
DA:123,0
DA:128,0
DA:129,0
DA:132,0
DA:135,0
DA:136,0
DA:141,0
DA:142,0
DA:145,0
DA:147,0
DA:148,0
DA:149,0
DA:150,0
DA:153,0
DA:155,0
DA:156,0
DA:157,0
DA:158,0
DA:161,0
DA:163,0
DA:168,0
DA:170,0
DA:171,0
LF:33
LH:0
end_of_record
TN:
SF:/opt/ros/humble/include/rclcpp/rclcpp/get_message_type_support_handle.hpp
DA:48,29
DA:50,29
DA:51,29
DA:52,0
DA:54,29
LF:5
LH:4
end_of_record
TN:
SF:/opt/ros/humble/include/rclcpp/rclcpp/logger.hpp
DA:114,0
DA:115,0
DA:121,0
DA:122,0
DA:128,8
DA:138,652
DA:140,652
DA:141,0
DA:143,652
DA:160,0
DA:162,0
DA:163,0
DA:165,0
LF:13
LH:4
end_of_record
TN:
SF:/opt/ros/humble/include/rclcpp/rclcpp/message_memory_strategy.hpp
DA:67,29
DA:68,29
DA:69,29
DA:70,29
DA:71,29
DA:72,29
DA:73,29
DA:75,29
DA:78,29
DA:80,29
DA:85,183
DA:87,183
DA:90,0
DA:92,0
DA:95,0
DA:97,0
DA:100,0
DA:102,0
DA:103,0
DA:107,183
DA:109,183
DA:110,183
DA:112,0
DA:115,0
DA:116,0
LF:25
LH:15
end_of_record
TN:
SF:/opt/ros/humble/include/rclcpp/rclcpp/node_impl.hpp
DA:62,105
DA:64,105
DA:65,105
DA:66,0
DA:68,210
DA:69,105
DA:110,1
DA:115,1
DA:117,1
DA:120,3
DA:125,14
DA:131,14
DA:132,14
DA:133,14
DA:136,14
DA:141,91
DA:148,91
DA:149,91
DA:153,91
DA:195,115
DA:202,115
DA:204,230
DA:207,230
DA:208,0
DA:209,0
LF:25
LH:22
end_of_record
TN:
SF:/opt/ros/humble/include/rclcpp/rclcpp/node_interfaces/get_node_base_interface.hpp
DA:53,29
DA:55,29
DA:56,0
DA:58,29
DA:72,29
DA:75,29
LF:6
LH:5
end_of_record
TN:
SF:/opt/ros/humble/include/rclcpp/rclcpp/node_interfaces/get_node_topics_interface.hpp
DA:53,29
DA:55,29
DA:56,0
DA:58,29
DA:72,29
DA:75,29
DA:96,29
DA:99,29
LF:8
LH:7
end_of_record
TN:
SF:/opt/ros/humble/include/rclcpp/rclcpp/node_options.hpp
DA:68,33
LF:1
LH:1
end_of_record
TN:
SF:/opt/ros/humble/include/rclcpp/rclcpp/parameter.hpp
DA:69,32
DA:70,32
DA:71,32
DA:237,158
DA:239,158
DA:270,158
DA:274,192
DA:275,0
DA:276,0
LF:9
LH:7
end_of_record
TN:
SF:/opt/ros/humble/include/rclcpp/rclcpp/parameter_client.hpp
DA:275,4
DA:278,4
DA:280,4
DA:336,4
DA:344,4
DA:345,4
DA:348,4
DA:360,4
DA:361,4
DA:364,4
DA:372,4
DA:375,8
DA:381,4
DA:382,4
DA:386,2
DA:393,2
DA:575,4
DA:578,4
LF:18
LH:18
end_of_record
TN:
SF:/opt/ros/humble/include/rclcpp/rclcpp/parameter_event_handler.hpp
DA:168,29
DA:172,29
DA:174,29
DA:176,29
DA:178,87
DA:180,58
DA:181,183
DA:183,29
LF:8
LH:8
end_of_record
TN:
SF:/opt/ros/humble/include/rclcpp/rclcpp/parameter_value.hpp
DA:65,0
DA:66,0
DA:67,0
DA:148,12
DA:150,12
DA:151,0
DA:153,12
DA:159,48
DA:161,48
DA:162,0
DA:164,48
DA:170,162
DA:172,162
DA:173,0
DA:175,162
DA:181,11
DA:183,11
DA:184,0
DA:186,11
DA:205,8
DA:207,8
DA:208,0
DA:210,8
DA:217,8
DA:219,8
DA:220,0
DA:222,8
DA:229,16
DA:231,16
DA:232,0
DA:234,16
DA:241,8
DA:243,8
DA:244,0
DA:246,8
DA:254,12
DA:256,12
DA:263,48
DA:265,48
DA:271,162
DA:273,162
DA:279,11
DA:281,11
DA:299,8
DA:301,8
DA:319,8
DA:321,8
DA:339,16
DA:341,16
DA:349,8
DA:351,8
LF:51
LH:40
end_of_record
TN:
SF:/opt/ros/humble/include/rclcpp/rclcpp/publisher.hpp
DA:125,0
DA:133,0
DA:134,0
DA:135,0
DA:136,0
DA:137,0
DA:139,0
DA:140,0
DA:142,0
DA:143,0
DA:144,0
DA:147,0
DA:148,0
DA:149,0
DA:152,0
DA:153,0
DA:154,0
DA:156,0
DA:159,0
DA:160,0
DA:161,0
DA:164,0
DA:169,0
DA:174,0
DA:185,0
DA:186,0
DA:188,0
DA:190,0
DA:191,0
DA:194,0
DA:195,0
DA:198,0
DA:199,0
DA:202,0
DA:203,0
DA:206,0
DA:207,0
DA:209,0
DA:210,0
DA:251,0
DA:253,0
DA:254,0
DA:255,0
DA:263,0
DA:264,0
DA:266,0
DA:267,0
DA:268,0
DA:269,0
DA:270,0
DA:271,0
DA:292,0
DA:295,0
DA:297,0
DA:302,0
DA:303,0
DA:304,0
DA:450,0
DA:452,0
DA:453,0
DA:455,0
DA:456,0
DA:457,0
DA:458,0
DA:459,0
DA:461,0
DA:465,0
DA:466,0
DA:523,0
DA:525,0
DA:526,0
DA:527,0
DA:530,0
DA:531,0
DA:534,0
DA:536,0
DA:537,0
DA:538,0
DA:541,0
DA:544,0
DA:545,0
DA:546,0
DA:549,0
DA:550,0
DA:556,0
DA:557,0
DA:558,0
DA:572,0
DA:574,0
DA:575,0
DA:576,0
LF:91
LH:0
end_of_record
TN:
SF:/opt/ros/humble/include/rclcpp/rclcpp/publisher_base.hpp
DA:319,0
DA:323,0
DA:327,0
DA:329,0
DA:330,0
LF:5
LH:0
end_of_record
TN:
SF:/opt/ros/humble/include/rclcpp/rclcpp/publisher_factory.hpp
DA:66,0
DA:68,0
DA:70,0
DA:76,0
DA:80,0
DA:81,0
DA:82,0
DA:86,0
DA:87,0
LF:9
LH:0
end_of_record
TN:
SF:/opt/ros/humble/include/rclcpp/rclcpp/publisher_options.hpp
DA:75,0
DA:85,0
DA:87,0
DA:88,0
DA:89,0
DA:90,0
DA:91,0
DA:94,0
DA:95,0
DA:98,0
DA:104,0
DA:106,0
DA:107,0
DA:108,0
DA:110,0
DA:112,0
DA:120,0
DA:122,0
DA:123,0
DA:124,0
DA:126,0
LF:21
LH:0
end_of_record
TN:
SF:/opt/ros/humble/include/rclcpp/rclcpp/qos_event.hpp
DA:152,0
DA:154,0
DA:157,0
DA:162,0
DA:164,0
DA:165,0
DA:166,0
DA:173,0
DA:174,0
DA:179,0
DA:180,0
DA:182,0
DA:187,0
DA:192,0
DA:195,0
DA:197,0
DA:198,0
DA:202,29
DA:204,29
DA:205,29
DA:206,0
DA:207,0
DA:209,29
DA:227,29
DA:232,29
DA:234,29
DA:235,29
DA:236,29
DA:237,0
DA:238,0
DA:239,0
DA:240,0
DA:241,0
DA:242,0
DA:245,29
DA:249,0
DA:252,0
DA:253,0
DA:254,0
DA:257,0
DA:259,0
DA:263,0
DA:266,0
DA:271,0
DA:273,0
DA:274,0
DA:276,0
DA:277,0
DA:278,0
DA:279,0
LF:50
LH:10
end_of_record
TN:
SF:/opt/ros/humble/include/rclcpp/rclcpp/qos_overriding_options.hpp
DA:94,29
LF:1
LH:1
end_of_record
TN:
SF:/opt/ros/humble/include/rclcpp/rclcpp/serialized_message.hpp
DA:52,0
LF:1
LH:0
end_of_record
TN:
SF:/opt/ros/humble/include/rclcpp/rclcpp/service.hpp
DA:292,91
DA:305,91
DA:310,91
DA:313,91
DA:316,91
DA:317,273
DA:319,91
DA:320,0
DA:324,0
DA:326,91
DA:328,91
DA:330,182
DA:332,91
DA:336,91
DA:337,0
DA:338,0
DA:340,0
DA:341,0
DA:348,0
DA:350,91
DA:355,91
DA:357,91
DA:433,91
DA:435,91
DA:456,10
DA:458,10
DA:462,10
DA:464,10
DA:468,10
DA:472,10
DA:473,10
DA:474,10
DA:475,10
DA:477,10
DA:480,10
DA:482,10
DA:484,10
DA:485,0
DA:489,0
DA:490,0
DA:492,10
DA:493,0
LF:42
LH:31
end_of_record
TN:
SF:/opt/ros/humble/include/rclcpp/rclcpp/subscription.hpp
DA:110,29
DA:130,29
DA:143,0
DA:144,29
DA:145,29
DA:146,29
DA:147,58
DA:149,29
DA:150,0
DA:151,0
DA:154,29
DA:155,0
DA:156,0
DA:159,29
DA:160,0
DA:161,0
DA:163,29
DA:166,29
DA:167,29
DA:168,0
DA:171,0
DA:175,29
DA:176,0
DA:177,0
DA:182,29
DA:186,0
DA:187,0
DA:188,0
DA:191,0
DA:192,0
DA:195,0
DA:196,0
DA:209,0
DA:210,0
DA:214,0
DA:216,0
DA:217,0
DA:224,0
DA:225,0
DA:226,0
DA:227,0
DA:229,29
DA:230,0
DA:233,29
DA:237,29
DA:245,29
DA:247,29
DA:251,29
DA:259,29
DA:309,183
DA:315,183
DA:319,0
DA:321,0
DA:325,183
DA:329,183
DA:332,0
DA:334,183
DA:336,183
DA:337,183
DA:340,0
DA:343,183
DA:345,183
DA:346,0
DA:347,0
DA:348,0
DA:349,0
DA:350,183
DA:353,0
DA:358,0
DA:359,0
DA:362,0
DA:366,0
DA:369,0
DA:372,0
DA:374,0
DA:375,0
DA:377,0
DA:378,0
DA:381,0
DA:384,0
DA:386,0
DA:387,0
DA:388,0
DA:389,0
DA:390,0
DA:391,0
DA:398,183
DA:400,183
DA:401,183
DA:402,183
DA:409,0
DA:411,0
DA:412,0
LF:93
LH:35
end_of_record
TN:
SF:/opt/ros/humble/include/rclcpp/rclcpp/subscription_base.hpp
DA:532,29
DA:536,29
DA:542,29
DA:543,29
DA:544,29
LF:5
LH:5
end_of_record
TN:
SF:/opt/ros/humble/include/rclcpp/rclcpp/subscription_factory.hpp
DA:82,29
DA:90,29
DA:93,29
DA:94,29
DA:96,29
DA:98,29
DA:107,29
DA:109,29
DA:112,29
DA:113,29
DA:114,29
DA:115,29
DA:119,29
DA:120,29
DA:121,58
DA:122,29
DA:126,58
DA:127,29
LF:18
LH:18
end_of_record
TN:
SF:/opt/ros/humble/include/rclcpp/rclcpp/subscription_options.hpp
DA:100,29
DA:115,29
DA:117,29
DA:118,29
DA:119,29
DA:120,29
DA:121,29
DA:122,29
DA:125,29
DA:126,0
DA:130,29
DA:131,0
DA:132,0
DA:133,0
DA:134,0
DA:138,0
DA:139,0
DA:142,0
DA:144,58
DA:148,58
DA:150,58
DA:151,58
DA:152,29
DA:154,58
DA:156,0
DA:164,29
DA:166,29
DA:167,29
DA:168,58
DA:170,29
LF:30
LH:21
end_of_record
TN:
SF:/opt/ros/humble/include/rclcpp/rclcpp/timer.hpp
DA:183,1
DA:187,1
DA:189,1
DA:193,1
DA:197,1
DA:200,1
DA:203,1
DA:204,1
DA:211,1
DA:213,1
DA:214,1
DA:215,0
DA:217,1
DA:218,0
DA:220,1
DA:227,1
DA:229,1
DA:230,1
DA:231,1
DA:232,1
DA:242,1
DA:244,1
DA:245,1
DA:262,0
DA:264,0
DA:283,1
DA:291,1
DA:296,1
DA:297,1
LF:29
LH:25
end_of_record
TN:
SF:/opt/ros/humble/include/rclcpp/rclcpp/topic_statistics/subscription_topic_statistics.hpp
DA:80,0
DA:83,0
DA:84,0
DA:88,0
DA:89,0
DA:92,0
DA:93,0
DA:95,0
DA:97,0
DA:98,0
DA:107,0
DA:111,0
DA:112,0
DA:113,0
DA:115,0
DA:121,0
DA:123,0
DA:124,0
DA:130,0
DA:132,0
DA:133,0
DA:136,0
DA:137,0
DA:138,0
DA:139,0
DA:141,0
DA:142,0
DA:143,0
DA:144,0
DA:148,0
DA:150,0
DA:152,0
DA:153,0
DA:155,0
DA:156,0
DA:180,0
DA:182,0
DA:183,0
DA:184,0
DA:186,0
DA:187,0
DA:189,0
DA:190,0
DA:191,0
DA:193,0
DA:194,0
DA:200,0
DA:203,0
DA:204,0
DA:205,0
DA:208,0
DA:209,0
DA:211,0
DA:212,0
DA:213,0
DA:216,0
DA:217,0
DA:223,0
DA:225,0
DA:226,0
LF:60
LH:0
end_of_record
TN:
SF:/opt/ros/humble/include/rclcpp/rclcpp/waitable.hpp
DA:36,0
LF:1
LH:0
end_of_record
TN:
SF:/opt/ros/humble/include/rcpputils/rcpputils/scope_exit.hpp
DA:28,7
DA:29,7
DA:31,7
DA:39,7
DA:41,7
DA:42,7
DA:44,7
DA:58,7
DA:60,7
LF:9
LH:9
end_of_record
TN:
SF:/opt/ros/humble/include/rmw/rmw/impl/cpp/demangle.hpp
DA:39,0
DA:44,0
DA:45,0
DA:47,0
DA:49,0
DA:52,0
DA:56,0
LF:7
LH:0
end_of_record
TN:
SF:/opt/ros/humble/include/rosidl_runtime_cpp/rosidl_runtime_cpp/bounded_vector.hpp
DA:56,230
DA:58,230
DA:59,230
DA:119,224
DA:121,224
DA:122,224
DA:151,94
DA:154,94
DA:156,94
DA:157,0
DA:159,94
DA:196,548
DA:197,548
DA:208,94
DA:210,94
DA:211,94
LF:16
LH:15
end_of_record
TN:
SF:/opt/ros/humble/include/tracetools/tracetools/utils.hpp
DA:57,153
DA:60,153
DA:62,153
DA:63,0
DA:64,0
DA:67,153
DA:78,1
DA:80,1
LF:8
LH:6
end_of_record
TN:
SF:/opt/ros/humble/src/gtest_vendor/include/gtest/gtest-matchers.h
DA:85,2
DA:111,2
DA:112,2
DA:118,2
DA:133,0
DA:134,0
DA:135,0
DA:136,0
DA:137,0
DA:211,0
DA:237,2
DA:263,2
DA:264,2
DA:268,2
DA:269,2
DA:270,4
DA:271,2
DA:274,0
DA:295,0
DA:298,2
DA:309,10
DA:310,0
DA:312,12
DA:357,2
DA:358,2
DA:374,0
DA:375,0
DA:456,2
DA:467,2
DA:468,2
DA:475,2
DA:477,0
DA:479,0
DA:480,0
DA:481,0
DA:483,2
DA:484,2
DA:513,2
DA:514,2
DA:531,0
DA:533,0
DA:534,0
DA:539,0
DA:546,0
DA:547,0
DA:549,0
DA:551,0
DA:552,0
DA:553,0
DA:554,0
DA:555,0
DA:556,0
DA:557,0
DA:558,0
DA:569,0
DA:570,0
DA:571,0
DA:572,0
DA:620,2
DA:621,2
DA:645,2
DA:647,2
DA:648,2
DA:649,2
DA:652,0
DA:653,0
DA:654,0
DA:655,0
DA:657,0
DA:658,0
DA:659,0
DA:660,0
DA:661,0
DA:682,2
DA:684,2
DA:686,2
DA:688,2
DA:695,0
LF:78
LH:34
end_of_record
TN:
SF:/opt/ros/humble/src/gtest_vendor/include/gtest/gtest-message.h
DA:101,0
DA:102,0
DA:103,0
DA:112,10454
DA:128,10454
DA:129,10454
DA:146,65
DA:147,65
DA:148,0
DA:150,65
DA:152,65
DA:198,0
DA:199,0
DA:209,126
DA:210,126
LF:15
LH:9
end_of_record
TN:
SF:/opt/ros/humble/src/gtest_vendor/include/gtest/gtest-param-test.h
DA:297,2
DA:300,2
DA:309,2
DA:311,2
DA:335,2
DA:336,2
LF:6
LH:6
end_of_record
TN:
SF:/opt/ros/humble/src/gtest_vendor/include/gtest/gtest-printers.h
DA:153,16
DA:154,16
DA:156,16
DA:158,16
DA:232,16
DA:246,16
DA:247,16
DA:260,16
DA:287,16
DA:288,16
DA:313,0
DA:314,0
DA:322,0
DA:323,0
DA:359,0
DA:377,0
DA:379,0
DA:406,0
DA:408,0
DA:409,0
DA:410,0
DA:411,0
DA:412,0
DA:413,0
DA:414,0
DA:415,0
DA:416,0
DA:417,0
DA:420,0
DA:423,0
DA:426,0
DA:427,0
DA:429,0
DA:430,0
DA:466,16
DA:468,16
DA:469,16
DA:483,16
DA:503,16
DA:514,16
DA:531,0
DA:532,0
DA:533,0
DA:594,0
DA:595,0
DA:596,0
DA:601,0
DA:602,0
DA:603,0
DA:670,16
DA:679,16
DA:680,16
DA:796,16
DA:797,16
DA:798,16
DA:817,0
DA:818,0
DA:819,0
DA:821,0
DA:823,0
DA:837,0
DA:838,0
DA:839,0
DA:841,0
DA:843,0
DA:865,16
DA:869,16
DA:870,16
DA:915,16
DA:916,16
DA:917,16
DA:918,32
DA:919,16
LF:73
LH:30
end_of_record
TN:
SF:/opt/ros/humble/src/gtest_vendor/include/gtest/gtest-test-part.h
DA:63,2
DA:65,2
DA:66,4
DA:67,2
DA:68,2
DA:69,6
DA:72,2
DA:76,0
DA:77,0
DA:82,0
DA:85,0
DA:88,0
DA:91,8
DA:97,26
DA:100,26
DA:103,26
DA:151,6
LF:17
LH:12
end_of_record
TN:
SF:/opt/ros/humble/src/gtest_vendor/include/gtest/gtest.h
DA:293,65
DA:299,65
DA:312,65
DA:321,0
DA:322,0
DA:325,0
DA:328,0
DA:329,0
DA:330,0
DA:343,0
DA:344,0
DA:345,0
DA:346,0
DA:417,0
DA:427,0
DA:431,0
DA:432,0
DA:492,26
DA:513,0
DA:530,0
DA:531,0
DA:532,0
DA:535,0
DA:536,0
DA:540,0
DA:541,0
DA:545,0
DA:546,0
DA:547,0
DA:578,52
DA:593,52
DA:597,26
DA:630,26
DA:633,26
DA:654,0
DA:657,2
DA:702,78
DA:710,156
DA:714,52
DA:715,52
DA:716,52
DA:721,42
DA:722,42
DA:723,10
DA:727,0
DA:730,0
DA:733,26
DA:751,338
DA:754,182
DA:757,182
DA:761,286
DA:789,2
DA:790,2
DA:797,26
DA:798,26
DA:799,26
DA:852,70
DA:856,5
DA:857,5
DA:858,5
DA:862,46
DA:889,0
DA:892,10
DA:895,10
DA:899,5
DA:907,5
DA:914,57
DA:917,26
DA:918,26
DA:926,31
DA:936,5
DA:937,5
DA:938,5
DA:945,5
DA:946,5
DA:947,0
DA:949,5
DA:953,5
DA:954,5
DA:955,0
DA:957,5
DA:960,26
DA:961,26
DA:965,26
DA:966,26
DA:970,130
DA:971,130
DA:976,78
DA:977,78
DA:981,0
DA:982,0
DA:986,78
DA:987,78
DA:991,104
DA:992,104
DA:1078,9
DA:1096,5
DA:1100,0
DA:1115,5
DA:1119,0
DA:1143,3
DA:1144,3
DA:1145,3
DA:1146,3
DA:1147,3
DA:1148,5
DA:1151,5
DA:1154,26
DA:1155,2
DA:1156,26
DA:1157,5
DA:1159,5
DA:1162,3
DA:1163,3
DA:1164,0
DA:1165,0
DA:1166,3
DA:1412,410
DA:1413,66
DA:1504,0
DA:1511,0
DA:1523,30
DA:1527,30
DA:1528,30
DA:1531,0
DA:1551,30
DA:1554,30
DA:1786,2
DA:1790,6
DA:1852,16
DA:1856,16
DA:1857,16
DA:1859,0
DA:1860,16
DA:1866,16
DA:1867,16
DA:1868,16
DA:2472,3
DA:2473,3
LF:139
LH:98
end_of_record
TN:
SF:/opt/ros/humble/src/gtest_vendor/include/gtest/internal/gtest-death-test-internal.h
DA:86,2
DA:91,0
DA:92,0
DA:148,3
DA:172,2
DA:173,4
DA:268,0
DA:272,0
DA:273,0
DA:275,0
DA:276,0
DA:277,0
DA:278,0
DA:280,0
DA:281,0
DA:282,0
DA:283,0
LF:17
LH:4
end_of_record
TN:
SF:/opt/ros/humble/src/gtest_vendor/include/gtest/internal/gtest-filepath.h
DA:64,9
DA:65,0
DA:67,12
DA:68,12
DA:69,12
DA:71,0
DA:72,0
DA:73,0
DA:76,3
DA:77,3
DA:78,3
DA:80,3
DA:81,12
DA:114,29
LF:14
LH:10
end_of_record
TN:
SF:/opt/ros/humble/src/gtest_vendor/include/gtest/internal/gtest-internal.h
DA:286,0
DA:313,0
DA:316,0
DA:322,0
DA:325,0
DA:334,0
DA:337,0
DA:339,0
DA:340,0
DA:365,0
DA:366,0
DA:368,0
DA:371,0
DA:377,0
DA:379,0
DA:380,0
DA:381,0
DA:423,33
DA:428,33
DA:442,26
DA:449,26
DA:460,10
DA:481,13
DA:482,13
DA:494,104
DA:496,104
DA:509,26
DA:512,26
DA:514,26
DA:516,26
DA:519,0
DA:521,26
DA:524,26
DA:527,26
DA:529,26
DA:531,26
DA:534,0
DA:536,26
DA:629,0
DA:630,0
DA:631,0
DA:632,0
DA:634,0
DA:635,0
DA:640,0
DA:641,0
DA:642,0
DA:817,28
DA:823,2
DA:824,2
DA:837,3
DA:839,0
DA:1159,16
DA:1171,2
DA:1172,2
DA:1192,2
DA:1195,16
DA:1196,16
LF:58
LH:29
end_of_record
TN:
SF:/opt/ros/humble/src/gtest_vendor/include/gtest/internal/gtest-param-util.h
DA:57,16
DA:58,16
DA:59,16
DA:93,20
DA:135,48
DA:138,16
DA:139,16
DA:140,16
DA:148,18
DA:149,18
DA:151,18
DA:152,18
DA:157,20
DA:168,2
DA:185,2
DA:193,2
DA:194,18
DA:293,2
DA:294,4
DA:295,4
DA:297,2
DA:298,2
DA:300,18
DA:301,18
DA:309,20
DA:311,20
DA:312,40
DA:314,36
DA:315,36
DA:317,16
DA:318,16
DA:319,16
DA:320,16
DA:321,0
DA:322,0
DA:331,48
DA:332,48
DA:333,48
DA:335,18
DA:338,18
DA:340,0
DA:341,18
DA:342,18
DA:346,0
DA:350,0
DA:351,0
DA:374,16
DA:375,16
DA:376,16
DA:377,32
DA:378,16
DA:385,0
DA:395,16
DA:396,16
DA:397,16
DA:398,16
DA:399,16
DA:415,2
DA:434,2
DA:436,16
DA:437,16
DA:456,1
DA:469,1
DA:493,1
DA:495,3
DA:498,2
DA:499,2
DA:502,18
DA:509,2
DA:511,2
DA:512,2
DA:513,2
DA:516,1
DA:520,1
DA:521,2
DA:522,1
DA:529,1
DA:530,3
DA:531,3
DA:532,2
DA:533,4
DA:534,6
DA:535,2
DA:536,2
DA:537,2
DA:538,2
DA:539,2
DA:540,2
DA:542,2
DA:543,2
DA:544,2
DA:545,2
DA:547,2
DA:548,2
DA:549,36
DA:551,34
DA:552,16
DA:554,16
DA:555,32
DA:557,16
DA:560,0
DA:562,16
DA:564,0
DA:566,16
DA:568,16
DA:569,16
DA:571,16
DA:572,32
DA:575,16
DA:576,16
DA:579,16
DA:583,1
DA:589,2
DA:591,4
DA:592,4
DA:593,2
DA:604,1
DA:609,1
DA:610,1
DA:611,1
DA:612,1
DA:613,1
DA:623,16
DA:625,16
DA:626,0
DA:629,32
DA:630,16
DA:631,0
DA:634,16
DA:659,3
DA:660,3
DA:661,4
DA:662,1
DA:664,3
DA:669,3
DA:671,3
DA:672,3
DA:673,2
DA:674,2
DA:678,0
DA:679,0
DA:685,2
DA:687,2
DA:690,3
DA:691,1
DA:693,1
DA:695,3
DA:697,3
DA:698,4
DA:699,1
DA:701,3
DA:734,2
DA:737,2
DA:738,2
DA:743,2
DA:744,20
DA:745,2
LF:157
LH:144
end_of_record
TN:
SF:/opt/ros/humble/src/gtest_vendor/include/gtest/internal/gtest-port.h
DA:881,2
DA:887,0
DA:893,0
DA:894,0
DA:896,2
DA:897,2
DA:957,0
DA:971,0
DA:972,2
DA:1050,0
DA:1099,22
DA:1101,22
DA:1107,22
DA:1632,4
DA:1633,4
DA:1634,4
DA:1635,4
DA:1636,4
DA:1639,4
DA:1644,4
DA:1645,4
DA:1646,4
DA:1689,40
DA:1690,40
DA:1691,40
DA:1692,40
DA:1693,40
DA:1694,40
DA:1695,40
DA:1708,4
DA:1709,4
DA:1711,4
DA:1729,2
DA:1734,6
DA:1735,6
DA:1736,6
DA:1742,3
DA:1743,3
DA:1744,3
DA:1745,3
DA:1746,3
DA:1748,6
DA:1750,6
DA:1754,6
DA:1755,6
DA:1757,2
DA:1758,2
DA:1759,2
DA:1760,0
DA:1766,1
DA:1767,1
DA:1769,4
DA:1776,6
DA:1780,6
DA:1782,6
DA:1785,4
DA:1787,4
DA:1788,4
DA:1789,2
DA:1792,2
DA:1793,2
DA:1794,2
DA:1795,2
DA:1800,6
DA:1801,6
DA:1810,3
DA:1811,1
DA:1819,3
DA:1820,1
DA:1821,1
DA:1917,0
DA:1918,0
DA:1923,0
DA:1924,0
DA:1929,0
DA:1930,0
DA:1932,0
DA:1933,0
DA:1934,0
DA:1940,1038
DA:1941,1038
DA:1944,0
DA:1945,0
DA:1946,0
DA:1947,0
DA:1948,0
DA:2000,3
DA:2001,3
DA:2002,3
DA:2003,3
DA:2004,3
DA:2006,2
DA:2008,3
DA:2027,32
DA:2028,32
DA:2034,0
DA:2036,29
DA:2038,2
DA:2039,2
DA:2041,0
DA:2042,0
DA:2044,2
DA:2045,0
DA:2047,81
DA:2058,81
DA:2070,0
LF:106
LH:80
end_of_record
TN:
SF:/opt/ros/humble/src/gtest_vendor/src/gtest-death-test.cc
DA:145,0
DA:154,0
DA:155,0
DA:157,0
DA:164,2
DA:165,2
DA:168,2
DA:175,2
DA:182,0
DA:183,0
DA:186,0
DA:195,0
DA:205,0
DA:206,0
DA:214,0
DA:215,0
DA:216,0
DA:217,0
DA:220,0
DA:221,0
DA:226,0
DA:227,0
DA:231,2
DA:232,2
DA:240,0
DA:241,0
DA:242,0
DA:243,0
DA:244,0
DA:245,0
DA:247,0
DA:251,0
DA:252,0
DA:253,0
DA:254,0
DA:255,0
DA:285,0
DA:290,0
DA:291,0
DA:292,0
DA:293,0
DA:294,0
DA:295,0
DA:296,0
DA:298,0
DA:299,0
DA:300,0
DA:338,0
DA:339,0
DA:346,0
DA:347,0
DA:352,0
DA:353,0
DA:354,0
DA:356,0
DA:358,0
DA:359,0
DA:361,0
DA:362,0
DA:363,0
DA:365,0
DA:369,2
DA:370,2
DA:371,2
DA:372,0
DA:375,2
DA:379,2
DA:382,6
DA:383,6
DA:386,0
DA:387,0
DA:390,4
DA:391,4
DA:392,4
DA:399,2
DA:400,4
DA:401,2
DA:402,2
DA:403,2
DA:404,2
DA:405,2
DA:406,2
DA:409,2
DA:414,2
DA:415,4
DA:416,2
DA:417,0
DA:418,2
DA:419,2
DA:420,2
DA:421,4
DA:422,4
DA:423,0
DA:424,0
DA:461,2
DA:470,2
DA:471,2
DA:473,2
DA:474,2
DA:475,0
DA:476,0
DA:477,0
DA:478,0
DA:479,0
DA:480,0
DA:481,0
DA:482,0
DA:483,0
DA:484,0
DA:485,0
DA:486,0
DA:487,0
DA:488,0
DA:489,0
DA:490,0
DA:491,0
DA:492,0
DA:495,0
DA:496,0
DA:498,2
DA:499,2
DA:500,2
DA:502,2
DA:503,2
DA:510,0
DA:514,0
DA:515,0
DA:518,0
DA:527,0
DA:533,0
DA:534,0
DA:535,0
DA:536,0
DA:537,0
DA:538,0
DA:539,0
DA:540,0
DA:542,0
DA:543,0
DA:544,0
DA:545,0
DA:546,0
DA:569,2
DA:570,2
DA:571,0
DA:573,2
DA:575,2
DA:576,2
DA:578,2
DA:579,2
DA:580,0
DA:581,0
DA:582,0
DA:583,0
DA:584,0
DA:585,0
DA:586,0
DA:587,0
DA:588,0
DA:589,0
DA:590,0
DA:591,0
DA:592,2
DA:593,2
DA:594,2
DA:595,2
DA:597,0
DA:598,0
DA:599,0
DA:600,0
DA:601,0
DA:602,0
DA:603,0
DA:605,0
DA:606,0
DA:607,0
DA:609,2
DA:610,0
DA:612,0
DA:613,0
DA:616,2
DA:617,2
DA:618,2
DA:1081,2
DA:1089,2
DA:1090,2
DA:1091,2
DA:1096,2
DA:1097,2
DA:1098,0
DA:1100,2
DA:1103,2
DA:1104,2
DA:1105,2
DA:1112,2
DA:1113,2
DA:1119,2
DA:1120,2
DA:1121,2
DA:1122,0
DA:1126,2
DA:1128,2
DA:1129,2
DA:1137,2
DA:1139,2
DA:1140,2
DA:1141,2
DA:1142,2
DA:1143,0
DA:1144,0
DA:1148,0
DA:1151,0
DA:1152,0
DA:1153,0
DA:1155,2
DA:1156,2
DA:1157,2
DA:1158,2
DA:1167,0
DA:1169,0
DA:1170,0
DA:1171,0
DA:1175,0
DA:1176,0
DA:1182,0
DA:1183,0
DA:1193,0
DA:1195,0
DA:1196,0
DA:1197,0
DA:1198,0
DA:1200,0
DA:1201,0
DA:1202,0
DA:1203,0
DA:1206,0
DA:1207,0
DA:1208,0
DA:1209,0
DA:1210,0
DA:1212,0
DA:1213,0
DA:1214,0
DA:1239,0
DA:1246,0
DA:1247,0
DA:1248,0
DA:1254,0
DA:1256,0
DA:1257,0
DA:1258,0
DA:1259,0
DA:1267,0
DA:1268,0
DA:1269,0
DA:1270,0
DA:1271,0
DA:1290,0
DA:1291,0
DA:1292,0
DA:1293,0
DA:1298,0
DA:1299,0
DA:1301,0
DA:1302,0
DA:1313,0
DA:1314,0
DA:1315,0
DA:1355,0
DA:1356,0
DA:1357,0
DA:1358,0
DA:1363,0
DA:1365,0
DA:1366,0
DA:1367,0
DA:1369,0
DA:1371,0
DA:1379,0
DA:1380,0
DA:1381,0
DA:1382,0
DA:1383,0
DA:1387,0
DA:1389,0
DA:1395,0
DA:1396,0
DA:1397,0
DA:1401,0
DA:1405,0
DA:1406,0
DA:1413,0
DA:1414,0
DA:1416,0
DA:1417,0
DA:1418,0
DA:1420,0
DA:1421,0
DA:1422,0
DA:1426,0
DA:1429,0
DA:1431,0
DA:1432,0
DA:1433,0
DA:1435,0
DA:1436,0
DA:1437,0
DA:1438,0
DA:1439,0
DA:1440,0
DA:1441,0
DA:1442,0
DA:1444,0
DA:1446,0
DA:1449,0
DA:1451,0
DA:1452,0
DA:1453,0
DA:1454,0
DA:1455,0
DA:1456,0
DA:1457,0
DA:1466,2
DA:1470,2
DA:1472,2
DA:1474,2
DA:1476,2
DA:1477,0
DA:1478,0
DA:1479,0
DA:1480,0
DA:1481,0
DA:1482,0
DA:1485,0
DA:1486,0
DA:1487,0
DA:1488,0
DA:1508,2
DA:1509,0
DA:1510,2
DA:1511,2
DA:1517,0
DA:1518,0
DA:1519,0
DA:1520,0
DA:1523,2
DA:1595,3
DA:1596,3
DA:1600,0
DA:1601,0
DA:1602,0
DA:1603,0
DA:1604,0
DA:1636,0
DA:1637,0
DA:1638,0
DA:1639,0
DA:1640,0
DA:1641,0
DA:1646,0
DA:1647,0
LF:361
LH:96
end_of_record
TN:
SF:/opt/ros/humble/src/gtest_vendor/src/gtest-filepath.cc
DA:85,1705
DA:89,1705
DA:94,3
DA:104,3
DA:105,3
DA:112,6
DA:120,0
DA:121,0
DA:122,0
DA:123,0
DA:124,0
DA:126,0
DA:127,0
DA:132,3
DA:133,3
DA:142,3
DA:151,0
DA:152,0
DA:153,0
DA:162,3
DA:163,3
DA:164,3
DA:165,3
DA:166,6
DA:168,0
DA:170,6
DA:171,3
DA:179,0
DA:183,0
DA:184,0
DA:185,0
DA:187,0
DA:188,0
DA:190,0
DA:191,0
DA:195,0
DA:197,0
DA:198,0
DA:199,0
DA:200,0
DA:201,0
DA:205,0
DA:213,0
DA:219,3
DA:220,3
DA:227,3
DA:240,6
DA:241,3
DA:244,3
DA:249,0
DA:253,0
DA:258,3
DA:259,3
DA:267,3
DA:279,0
DA:282,0
DA:283,0
DA:285,0
DA:286,0
DA:287,0
DA:288,0
DA:293,6
DA:294,12
DA:295,12
DA:301,3
DA:302,3
DA:303,0
DA:306,3
DA:307,3
DA:310,0
DA:311,0
DA:312,0
DA:318,0
DA:327,0
DA:330,0
DA:331,0
DA:333,0
DA:339,0
DA:340,0
DA:341,0
DA:342,0
DA:348,12
DA:349,12
DA:350,0
DA:351,0
DA:353,12
DA:354,12
DA:355,12
DA:356,12
DA:358,1486
DA:359,1474
DA:360,1474
DA:361,1363
DA:368,222
DA:369,111
DA:371,1474
DA:373,12
DA:374,12
DA:375,12
LF:99
LH:48
end_of_record
TN:
SF:/opt/ros/humble/src/gtest_vendor/src/gtest-internal-inl.h
DA:130,0
DA:131,0
DA:132,0
DA:133,0
DA:137,0
DA:138,0
DA:140,0
DA:146,0
DA:147,0
DA:148,0
DA:149,0
DA:150,0
DA:151,0
DA:159,26
DA:160,26
DA:161,26
DA:162,26
DA:163,26
DA:164,26
DA:165,26
DA:166,26
DA:167,26
DA:168,26
DA:169,26
DA:170,26
DA:171,26
DA:172,26
DA:173,26
DA:174,26
DA:175,26
DA:176,26
DA:177,26
DA:178,26
DA:181,26
DA:182,26
DA:183,26
DA:184,26
DA:185,26
DA:186,26
DA:187,26
DA:188,26
DA:189,26
DA:190,26
DA:191,26
DA:192,26
DA:193,26
DA:194,26
DA:195,26
DA:196,26
DA:197,26
DA:198,26
DA:199,26
DA:200,26
DA:280,311
DA:283,311
DA:284,781
DA:285,470
DA:286,218
DA:288,311
DA:293,25
DA:294,25
DA:295,25
DA:300,93
DA:301,186
DA:302,186
DA:310,0
DA:312,0
DA:313,0
DA:314,0
DA:315,0
DA:316,0
DA:317,0
DA:318,0
DA:322,0
DA:323,0
DA:324,0
DA:326,0
DA:327,0
DA:328,0
DA:330,0
DA:334,0
DA:335,0
DA:336,0
DA:341,37
DA:342,37
DA:343,37
DA:353,0
DA:356,0
DA:357,0
DA:421,3
DA:422,3
DA:448,3
DA:575,3
DA:578,6
DA:582,6
DA:586,6
DA:587,6
DA:592,10
DA:593,10
DA:594,10
DA:599,0
DA:604,5
DA:605,5
DA:606,5
DA:610,42
DA:617,9
DA:673,26
DA:683,26
DA:684,3
DA:685,3
DA:686,0
DA:691,26
DA:692,26
DA:696,3
DA:697,3
DA:701,10
DA:702,10
DA:703,10
DA:708,52
DA:709,52
DA:710,52
DA:727,3
DA:728,3
DA:729,3
DA:758,26
DA:759,30
DA:760,0
DA:764,0
DA:767,2
DA:768,2
DA:775,3
DA:776,3
DA:777,3
DA:782,2
DA:783,2
DA:787,2
DA:788,2
DA:814,0
DA:817,0
DA:828,143
DA:835,3
DA:950,371
DA:951,371
DA:990,0
DA:994,0
DA:995,0
DA:997,0
DA:1012,0
DA:1016,0
DA:1018,0
DA:1020,0
DA:1021,0
DA:1022,0
DA:1023,0
DA:1025,0
DA:1061,0
DA:1067,0
DA:1070,0
DA:1076,0
DA:1077,0
DA:1078,0
DA:1079,0
DA:1081,0
DA:1082,0
DA:1083,0
DA:1084,0
DA:1087,0
DA:1088,0
DA:1089,0
DA:1091,0
DA:1092,0
DA:1093,0
DA:1095,0
DA:1097,0
DA:1104,0
DA:1105,0
DA:1106,0
DA:1108,0
DA:1109,0
DA:1110,0
DA:1122,0
DA:1123,0
DA:1124,0
DA:1125,0
DA:1130,0
DA:1131,0
DA:1132,0
DA:1134,0
DA:1137,0
DA:1140,0
DA:1141,0
DA:1143,0
DA:1145,0
DA:1146,0
DA:1147,0
DA:1149,0
DA:1151,0
DA:1152,0
DA:1153,0
DA:1154,0
DA:1158,0
DA:1159,0
DA:1160,0
DA:1164,0
DA:1165,0
DA:1166,0
DA:1168,0
DA:1170,0
DA:1171,0
DA:1172,0
DA:1174,0
DA:1175,0
DA:1176,0
DA:1177,0
DA:1178,0
DA:1179,0
DA:1181,0
DA:1182,0
DA:1183,0
DA:1184,0
DA:1185,0
DA:1186,0
DA:1187,0
DA:1191,0
DA:1195,0
DA:1197,0
LF:226
LH:103
end_of_record
TN:
SF:/opt/ros/humble/src/gtest_vendor/src/gtest-matchers.cc
DA:45,0
DA:49,0
DA:50,0
DA:51,0
DA:55,0
DA:59,0
LF:6
LH:0
end_of_record
TN:
SF:/opt/ros/humble/src/gtest_vendor/src/gtest-port.cc
DA:104,2
DA:105,2
DA:106,2
DA:107,40
DA:108,38
DA:110,2
DA:111,2
DA:112,2
DA:113,2
DA:117,2
DA:119,2
DA:120,4
DA:121,2
DA:706,2
DA:707,2
DA:712,2
DA:713,2
DA:715,2
DA:716,2
DA:719,0
DA:720,0
DA:723,0
DA:728,2
DA:729,2
DA:732,2
DA:736,2
DA:737,2
DA:741,2
DA:742,2
DA:744,2
DA:745,2
DA:754,2
DA:755,2
DA:756,2
DA:758,2
DA:759,0
DA:760,2
DA:762,2
DA:763,2
DA:1018,0
DA:1019,0
DA:1021,0
DA:1022,0
DA:1027,0
DA:1029,0
DA:1036,0
DA:1038,0
DA:1040,0
DA:1041,0
DA:1043,0
DA:1044,0
DA:1046,0
DA:1047,0
DA:1048,0
DA:1052,0
DA:1053,0
DA:1054,0
DA:1057,0
DA:1058,0
DA:1059,0
DA:1060,0
DA:1061,0
DA:1063,0
DA:1075,29
DA:1110,29
DA:1112,29
DA:1113,29
DA:1114,0
DA:1116,0
DA:1118,29
DA:1120,29
DA:1121,29
DA:1122,29
DA:1123,29
DA:1125,29
DA:1126,29
DA:1127,29
DA:1129,29
DA:1130,29
DA:1132,29
DA:1133,29
DA:1134,29
DA:1135,29
DA:1138,29
DA:1139,29
DA:1140,0
DA:1141,0
DA:1143,29
DA:1144,29
DA:1145,58
DA:1146,29
DA:1163,29
DA:1165,29
DA:1166,0
DA:1167,0
DA:1169,29
DA:1170,29
DA:1173,29
DA:1174,29
DA:1176,29
DA:1177,29
DA:1179,58
DA:1180,29
DA:1183,27
DA:1184,27
DA:1185,27
DA:1188,2
DA:1189,2
DA:1190,2
DA:1193,27
DA:1194,27
DA:1198,2
DA:1199,2
DA:1208,29
DA:1209,29
DA:1210,29
DA:1213,29
DA:1214,29
DA:1215,29
DA:1217,29
DA:1218,29
DA:1220,29
DA:1225,29
DA:1226,29
DA:1227,29
DA:1229,29
DA:1230,29
DA:1232,58
DA:1233,29
DA:1239,0
DA:1240,0
DA:1241,0
DA:1243,0
DA:1246,0
DA:1247,0
DA:1248,0
DA:1249,0
DA:1251,0
DA:1252,0
DA:1253,0
DA:1254,0
DA:1256,0
DA:1257,0
DA:1258,0
DA:1259,0
DA:1274,54
DA:1276,54
DA:1278,54
DA:1279,1092
DA:1280,1038
DA:1283,108
DA:1284,54
DA:1289,0
DA:1291,0
DA:1292,0
DA:1295,0
DA:1297,0
DA:1298,0
DA:1299,0
DA:1300,0
DA:1301,0
DA:1302,0
DA:1303,0
DA:1304,0
DA:1307,0
DA:1308,0
DA:1311,0
DA:1314,0
DA:1315,0
DA:1316,0
DA:1317,0
DA:1318,0
DA:1319,0
DA:1320,0
DA:1321,0
DA:1323,0
DA:1324,0
DA:1331,27
DA:1335,27
DA:1336,27
DA:1337,27
DA:1338,27
DA:1340,27
DA:1345,9
DA:1349,9
DA:1350,9
DA:1351,9
DA:1353,9
DA:1356,0
DA:1357,0
DA:1359,0
DA:1360,0
DA:1361,0
DA:1362,0
DA:1365,0
DA:1367,9
DA:1377,3
DA:1378,3
DA:1379,3
DA:1380,3
DA:1381,0
DA:1383,6
DA:1384,3
DA:1388,18
DA:1392,18
DA:1393,18
DA:1394,36
DA:1396,18
LF:208
LH:125
end_of_record
TN:
SF:/opt/ros/humble/src/gtest_vendor/src/gtest-printers.cc
DA:64,32
DA:66,32
DA:67,2080
DA:68,2048
DA:69,2048
DA:72,2016
DA:73,992
DA:75,1024
DA:77,2048
DA:78,2048
DA:80,32
DA:83,16
DA:86,16
DA:88,16
DA:89,16
DA:93,16
DA:94,0
DA:96,16
DA:97,16
DA:99,16
DA:100,16
DA:102,16
DA:103,16
DA:114,16
DA:116,16
DA:117,16
DA:137,0
DA:138,0
DA:146,0
DA:147,0
DA:148,0
DA:149,0
DA:150,0
DA:151,0
DA:152,0
DA:153,0
DA:154,0
DA:155,0
DA:156,0
DA:157,0
DA:158,0
DA:159,0
DA:160,0
DA:161,0
DA:162,0
DA:163,0
DA:164,0
DA:165,0
DA:166,0
DA:167,0
DA:168,0
DA:169,0
DA:170,0
DA:171,0
DA:172,0
DA:173,0
DA:174,0
DA:175,0
DA:176,0
DA:177,0
DA:178,0
DA:179,0
DA:180,0
DA:181,0
DA:182,0
DA:184,0
DA:185,0
DA:186,0
DA:187,0
DA:188,0
DA:191,0
DA:196,0
DA:197,0
DA:198,0
DA:199,0
DA:200,0
DA:201,0
DA:202,0
DA:203,0
DA:204,0
DA:205,0
DA:211,0
DA:212,0
DA:213,0
DA:221,0
DA:223,0
DA:224,0
DA:225,0
DA:230,0
DA:231,0
DA:232,0
DA:237,0
DA:240,0
DA:242,0
DA:245,0
DA:246,0
DA:247,0
DA:248,0
DA:249,0
DA:250,0
DA:254,0
DA:255,0
DA:256,0
DA:267,0
DA:269,0
DA:270,0
DA:271,0
DA:272,0
DA:273,0
DA:274,0
DA:275,0
DA:279,0
DA:281,0
DA:283,0
DA:284,0
DA:287,0
DA:288,0
DA:298,0
DA:307,0
DA:308,0
DA:309,0
DA:316,0
DA:317,0
DA:321,0
DA:322,0
DA:323,0
DA:327,0
DA:328,0
DA:329,0
DA:332,0
DA:333,0
DA:334,0
DA:336,0
DA:337,0
DA:339,0
DA:349,0
DA:350,0
DA:351,0
DA:353,0
DA:354,0
DA:356,0
DA:361,0
DA:362,0
DA:364,0
DA:365,0
DA:366,0
DA:367,0
DA:368,0
DA:371,0
DA:372,0
DA:373,0
DA:377,0
DA:380,0
DA:382,0
DA:383,0
DA:385,0
DA:386,0
DA:388,0
DA:389,0
DA:391,0
DA:392,0
DA:393,0
DA:394,0
DA:395,0
DA:396,0
DA:397,0
DA:399,0
DA:400,0
DA:401,0
DA:402,0
DA:403,0
DA:404,0
DA:405,0
DA:407,0
DA:408,0
DA:409,0
DA:411,0
DA:414,0
DA:417,0
DA:418,0
DA:419,0
DA:420,0
DA:422,0
DA:426,0
DA:427,0
DA:428,0
DA:429,0
DA:432,0
DA:435,0
DA:436,0
DA:437,0
LF:191
LH:25
end_of_record
TN:
SF:/opt/ros/humble/src/gtest_vendor/src/gtest-test-part.cc
DA:42,2
DA:43,2
DA:44,6
DA:48,0
DA:49,0
DA:50,0
DA:52,0
DA:53,0
DA:54,0
DA:55,0
DA:58,0
DA:62,0
DA:63,0
DA:64,0
DA:67,0
DA:68,0
DA:69,0
DA:70,0
DA:73,0
DA:77,0
DA:78,0
DA:83,0
DA:84,0
DA:85,0
DA:86,0
DA:87,0
DA:88,0
DA:90,0
DA:91,0
DA:93,0
DA:95,0
DA:97,0
DA:98,0
DA:99,0
DA:100,0
LF:35
LH:3
end_of_record
TN:
SF:/opt/ros/humble/src/gtest_vendor/src/gtest-typed-test.cc
DA:42,0
DA:43,0
DA:44,0
DA:45,0
DA:48,0
DA:49,0
DA:50,0
DA:51,0
DA:52,0
DA:54,0
DA:55,0
DA:60,0
DA:63,0
DA:65,0
DA:67,0
DA:69,0
DA:70,0
DA:71,0
DA:72,0
DA:73,0
DA:74,0
DA:75,0
DA:78,0
DA:79,0
DA:80,0
DA:81,0
DA:82,0
DA:83,0
DA:84,0
DA:88,0
DA:89,0
DA:91,0
DA:92,0
DA:96,0
DA:97,0
DA:98,0
DA:99,0
DA:100,0
DA:104,0
DA:105,0
DA:106,0
DA:108,0
DA:109,0
DA:112,0
DA:113,0
LF:45
LH:0
end_of_record
TN:
SF:/opt/ros/humble/src/gtest_vendor/src/gtest.cc
DA:185,3
DA:186,3
DA:187,3
DA:188,3
DA:190,3
DA:191,3
DA:193,3
DA:194,0
DA:196,3
DA:197,3
DA:203,3
DA:205,3
DA:206,3
DA:207,0
DA:209,3
DA:333,0
DA:336,0
DA:338,0
DA:339,0
DA:340,0
DA:341,0
DA:342,0
DA:347,0
DA:353,6
DA:358,27
DA:360,27
DA:361,72
DA:362,45
DA:364,27
DA:368,0
DA:369,0
DA:373,10
DA:374,10
DA:379,10
DA:380,10
DA:384,2
DA:387,2
DA:388,2
DA:389,2
DA:391,2
DA:392,2
DA:393,2
DA:396,2
DA:398,4
DA:399,4
DA:401,4
DA:404,2
DA:409,6
DA:416,6
DA:422,0
DA:423,0
DA:428,0
DA:431,0
DA:432,0
DA:437,6
DA:438,6
DA:439,6
DA:441,6
DA:443,18
DA:448,3
DA:449,3
DA:451,3
DA:452,3
DA:453,0
DA:455,3
DA:456,3
DA:457,0
DA:458,0
DA:460,0
DA:461,0
DA:463,3
DA:464,3
DA:465,0
DA:466,0
DA:467,0
DA:469,3
DA:470,3
DA:473,0
DA:474,0
DA:475,0
DA:476,3
DA:483,4881
DA:485,4881
DA:486,53
DA:488,53
DA:489,0
DA:490,0
DA:491,3106
DA:492,4761
DA:493,4761
DA:494,1722
DA:495,1764
DA:496,1764
DA:500,109
DA:502,109
DA:504,165
DA:505,27
DA:509,138
DA:512,138
DA:513,82
DA:517,56
DA:523,26
DA:525,26
DA:529,26
DA:530,26
DA:531,26
DA:532,26
DA:533,26
DA:534,26
DA:535,26
DA:537,0
DA:538,0
DA:539,0
DA:541,0
DA:547,52
DA:548,52
DA:549,26
DA:584,0
DA:585,0
DA:586,0
DA:587,0
DA:588,0
DA:589,0
DA:594,0
DA:595,0
DA:596,0
DA:597,0
DA:598,0
DA:599,0
DA:601,0
DA:602,0
DA:603,0
DA:604,0
DA:605,0
DA:607,0
DA:608,0
DA:610,0
DA:614,0
DA:615,0
DA:616,0
DA:617,0
DA:619,0
DA:621,0
DA:625,0
DA:627,0
DA:628,0
DA:641,4
DA:642,4
DA:652,0
DA:660,0
DA:661,0
DA:662,0
DA:663,0
DA:664,0
DA:665,0
DA:666,0
DA:668,0
DA:671,0
DA:672,0
DA:673,0
DA:674,0
DA:675,0
DA:678,0
DA:679,0
DA:680,0
DA:681,0
DA:682,0
DA:685,0
DA:686,0
DA:691,0
DA:693,0
DA:694,0
DA:700,0
DA:701,0
DA:702,0
DA:704,3
DA:705,3
DA:707,2
DA:709,2
DA:710,2
DA:711,2
DA:713,3
DA:714,3
DA:716,2
DA:718,2
DA:719,2
DA:723,2
DA:724,2
DA:725,2
DA:726,2
DA:729,0
DA:731,0
DA:732,0
DA:733,0
DA:737,2
DA:738,2
DA:742,0
DA:744,0
DA:745,0
DA:748,0
DA:749,0
DA:753,6
DA:754,6
DA:758,16
DA:759,16
DA:764,6
DA:765,6
DA:769,3
DA:770,3
DA:774,3
DA:775,3
DA:779,6
DA:780,6
DA:784,6
DA:785,6
DA:786,6
DA:790,0
DA:791,0
DA:795,3
DA:796,3
DA:800,0
DA:801,0
DA:805,6
DA:806,6
DA:819,2
DA:820,2
DA:825,2
DA:829,71
DA:861,71
DA:862,71
DA:912,37
DA:913,37
DA:915,4
DA:917,4
DA:924,0
DA:926,0
DA:927,0
DA:928,0
DA:929,0
DA:930,0
DA:932,0
DA:933,0
DA:936,0
DA:940,0
DA:942,0
DA:943,0
DA:944,0
DA:945,0
DA:946,0
DA:947,0
DA:948,0
DA:950,0
DA:951,0
DA:954,0
DA:955,0
DA:964,510
DA:967,510
DA:968,510
DA:972,0
DA:973,0
DA:975,0
DA:976,0
DA:982,0
DA:983,0
DA:984,0
DA:990,510
DA:991,510
DA:996,0
DA:997,0
DA:998,0
DA:999,0
DA:1000,0
DA:1003,0
DA:1005,0
DA:1006,0
DA:1007,0
DA:1010,0
DA:1011,0
DA:1012,0
DA:1013,0
DA:1014,0
DA:1017,31
DA:1018,31
DA:1022,0
DA:1023,0
DA:1028,0
DA:1029,0
DA:1035,0
DA:1038,0
DA:1040,0
DA:1043,0
DA:1044,0
DA:1045,0
DA:1048,0
DA:1049,0
DA:1050,0
DA:1053,0
DA:1054,0
DA:1055,0
DA:1057,0
DA:1058,0
DA:1059,0
DA:1062,0
DA:1063,0
DA:1064,0
DA:1065,0
DA:1066,0
DA:1067,0
DA:1068,0
DA:1069,0
DA:1070,0
DA:1074,0
DA:1075,0
DA:1081,0
DA:1082,0
DA:1083,0
DA:1084,0
DA:1085,0
DA:1086,0
DA:1088,0
DA:1089,0
DA:1090,0
DA:1097,0
DA:1098,0
DA:1099,0
DA:1100,0
DA:1101,0
DA:1111,0
DA:1114,0
DA:1116,0
DA:1117,0
DA:1118,0
DA:1120,0
DA:1121,0
DA:1123,0
DA:1124,0
DA:1125,0
DA:1135,0
DA:1136,0
DA:1137,0
DA:1138,0
DA:1139,0
DA:1140,0
DA:1142,0
DA:1143,0
DA:1144,0
DA:1145,0
DA:1146,0
DA:1147,0
DA:1148,0
DA:1149,0
DA:1150,0
DA:1151,0
DA:1152,0
DA:1153,0
DA:1154,0
DA:1155,0
DA:1156,0
DA:1158,0
DA:1160,0
DA:1161,0
DA:1162,0
DA:1163,0
DA:1164,0
DA:1165,0
DA:1166,0
DA:1168,0
DA:1170,0
DA:1173,0
DA:1174,0
DA:1175,0
DA:1176,0
DA:1182,0
DA:1183,0
DA:1184,0
DA:1185,0
DA:1187,0
DA:1188,0
DA:1190,0
DA:1191,0
DA:1193,0
DA:1194,0
DA:1210,0
DA:1213,0
DA:1215,0
DA:1216,0
DA:1217,0
DA:1219,0
DA:1220,0
DA:1221,0
DA:1222,0
DA:1226,0
DA:1227,0
DA:1228,0
DA:1229,0
DA:1234,0
DA:1235,0
DA:1236,0
DA:1238,0
DA:1239,0
DA:1240,0
DA:1241,0
DA:1243,0
DA:1247,0
DA:1249,0
DA:1251,0
DA:1252,0
DA:1254,0
DA:1255,0
DA:1259,0
DA:1260,0
DA:1263,0
DA:1265,0
DA:1268,0
DA:1269,0
DA:1270,0
DA:1271,0
DA:1280,0
DA:1281,0
DA:1282,0
DA:1283,0
DA:1284,0
DA:1285,0
DA:1287,0
DA:1288,0
DA:1289,0
DA:1290,0
DA:1291,0
DA:1292,0
DA:1293,0
DA:1296,0
DA:1299,0
DA:1300,0
DA:1301,0
DA:1320,0
DA:1325,0
DA:1326,0
DA:1327,0
DA:1328,0
DA:1329,0
DA:1331,0
DA:1332,0
DA:1333,0
DA:1336,0
DA:1337,0
DA:1340,0
DA:1342,0
DA:1344,0
DA:1345,0
DA:1346,0
DA:1347,0
DA:1349,0
DA:1351,0
DA:1352,0
DA:1355,0
DA:1360,0
DA:1361,0
DA:1362,0
DA:1363,0
DA:1364,0
DA:1365,0
DA:1366,0
DA:1367,0
DA:1368,0
DA:1371,0
DA:1377,0
DA:1378,0
DA:1380,0
DA:1381,0
DA:1382,0
DA:1383,0
DA:1384,0
DA:1385,0
DA:1391,0
DA:1396,0
DA:1397,0
DA:1401,0
DA:1402,0
DA:1403,0
DA:1410,0
DA:1411,0
DA:1412,0
DA:1414,0
DA:1415,0
DA:1416,0
DA:1419,0
DA:1420,0
DA:1421,0
DA:1422,0
DA:1428,0
DA:1430,0
DA:1435,0
DA:1437,0
DA:1444,0
DA:1448,0
DA:1449,0
DA:1454,0
DA:1455,0
DA:1456,0
DA:1477,0
DA:1480,0
DA:1483,0
DA:1486,0
DA:1489,0
DA:1494,1
DA:1498,1
DA:1499,1
DA:1504,0
DA:1505,0
DA:1506,0
DA:1510,0
DA:1514,0
DA:1515,0
DA:1520,0
DA:1521,0
DA:1522,0
DA:1526,0
DA:1530,0
DA:1531,0
DA:1533,0
DA:1534,0
DA:1535,0
DA:1540,0
DA:1544,0
DA:1545,0
DA:1547,0
DA:1548,0
DA:1549,0
DA:1550,0
DA:1564,0
DA:1565,0
DA:1567,0
DA:1570,0
DA:1571,0
DA:1573,0
DA:1578,0
DA:1580,0
DA:1588,0
DA:1592,0
DA:1593,0
DA:1595,0
DA:1596,0
DA:1598,0
DA:1599,0
DA:1600,0
DA:1601,0
DA:1602,0
DA:1611,0
DA:1614,0
DA:1617,0
DA:1620,0
DA:1623,0
DA:1626,0
DA:1629,0
DA:1632,0
DA:1635,0
DA:1638,0
DA:1641,0
DA:1644,0
DA:1648,0
DA:1651,0
DA:1654,0
DA:1657,0
DA:1752,0
DA:1753,0
DA:1754,0
DA:1755,0
DA:1764,0
DA:1765,0
DA:1766,0
DA:1770,0
DA:1771,0
DA:1772,0
DA:1773,0
DA:1774,0
DA:1775,0
DA:1776,0
DA:1777,0
DA:1778,0
DA:1779,0
DA:1780,0
DA:1781,0
DA:1783,0
DA:1784,0
DA:1785,0
DA:1786,0
DA:1787,0
DA:1789,0
DA:1799,0
DA:1801,0
DA:1805,0
DA:1807,0
DA:1808,0
DA:1809,0
DA:1815,0
DA:1831,0
DA:1832,0
DA:1833,0
DA:1835,0
DA:1836,0
DA:1839,0
DA:1840,0
DA:1841,0
DA:1842,0
DA:1843,0
DA:1844,0
DA:1846,0
DA:1849,0
DA:1851,0
DA:1852,0
DA:1856,0
DA:1857,0
DA:1859,0
DA:1868,0
DA:1869,0
DA:1871,0
DA:1873,0
DA:1877,0
DA:1881,0
DA:1882,0
DA:1887,0
DA:1888,0
DA:1889,0
DA:1893,0
DA:1897,0
DA:1898,0
DA:1901,0
DA:1902,0
DA:1903,0
DA:1904,0
DA:1913,3
DA:1914,3
DA:1915,3
DA:1916,3
DA:1931,0
DA:1933,0
DA:1935,0
DA:1940,0
DA:1955,0
DA:1957,0
DA:1958,0
DA:1959,0
DA:1960,0
DA:1961,0
DA:1965,170
DA:1966,170
DA:1967,170
DA:1968,340
DA:1969,170
DA:1972,0
DA:1973,0
DA:1974,0
DA:1975,0
DA:1976,0
DA:1979,0
DA:1980,0
DA:1984,0
DA:1985,0
DA:1986,0
DA:1987,0
DA:1988,0
DA:1989,0
DA:1993,513
DA:1994,513
DA:1995,513
DA:1996,513
DA:1998,513
DA:1999,513
DA:2000,27684
DA:2001,27171
DA:2002,0
DA:2004,27171
DA:2008,1026
DA:2009,513
DA:2012,2
DA:2015,2
DA:2016,2
DA:2017,2
DA:2020,0
DA:2021,2
DA:2028,34
DA:2029,34
DA:2032,34
DA:2033,34
DA:2038,26
DA:2039,26
DA:2040,0
DA:2041,26
DA:2047,0
DA:2048,0
DA:2049,0
DA:2050,0
DA:2054,0
DA:2055,0
DA:2056,0
DA:2059,2
DA:2060,2
DA:2061,2
DA:2066,0
DA:2068,0
DA:2069,0
DA:2071,0
DA:2073,0
DA:2074,0
DA:2075,0
DA:2076,0
DA:2077,0
DA:2079,0
DA:2080,0
DA:2112,228
DA:2113,456
DA:2116,0
DA:2118,0
DA:2119,0
DA:2120,0
DA:2121,0
DA:2122,0
DA:2123,0
DA:2125,0
DA:2128,0
DA:2132,228
DA:2134,228
DA:2135,21
DA:2136,207
DA:2137,35
DA:2138,172
DA:2139,172
DA:2141,0
DA:2144,0
DA:2147,0
DA:2148,0
DA:2149,0
DA:2150,0
DA:2151,0
DA:2153,0
DA:2154,0
DA:2156,0
DA:2158,0
DA:2159,0
DA:2161,0
DA:2164,0
DA:2165,0
DA:2166,0
DA:2167,0
DA:2168,0
DA:2169,0
DA:2171,0
DA:2176,0
DA:2178,0
DA:2179,0
DA:2183,31
DA:2184,31
DA:2185,31
DA:2186,31
DA:2187,31
DA:2188,31
DA:2191,8
DA:2192,8
DA:2196,159
DA:2197,159
DA:2201,373
DA:2202,397
DA:2203,24
DA:2204,0
DA:2206,373
DA:2210,0
DA:2211,0
DA:2215,55
DA:2216,55
DA:2220,0
DA:2221,0
DA:2225,0
DA:2226,0
DA:2231,451
DA:2232,451
DA:2236,34
DA:2237,34
DA:2245,26
DA:2246,26
DA:2247,26
DA:2252,26
DA:2253,26
DA:2258,1
DA:2259,1
DA:2264,21
DA:2265,21
DA:2268,0
DA:2269,0
DA:2270,0
DA:2273,0
DA:2274,0
DA:2275,0
DA:2276,0
DA:2277,0
DA:2281,0
DA:2285,0
DA:2291,0
DA:2300,26
DA:2301,26
DA:2302,26
DA:2305,26
DA:2306,26
DA:2307,26
DA:2310,26
DA:2311,26
DA:2312,26
DA:2314,26
DA:2316,0
DA:2318,0
DA:2320,0
DA:2327,0
DA:2329,0
DA:2332,0
DA:2333,0
DA:2334,0
DA:2335,0
DA:2336,0
DA:2337,0
DA:2338,0
DA:2339,0
DA:2340,0
DA:2341,0
DA:2344,0
DA:2345,0
DA:2346,0
DA:2347,0
DA:2348,0
DA:2349,0
DA:2350,0
DA:2351,0
DA:2352,0
DA:2353,0
DA:2355,0
DA:2358,26
DA:2383,0
DA:2385,0
DA:2386,0
DA:2387,0
DA:2389,0
DA:2391,0
DA:2393,0
DA:2394,0
DA:2399,0
DA:2400,0
DA:2401,0
DA:2414,143
DA:2433,143
DA:2441,143
DA:2466,143
DA:2469,143
DA:2470,0
DA:2472,0
DA:2476,0
DA:2477,0
DA:2478,0
DA:2480,0
DA:2481,0
DA:2482,0
DA:2486,0
DA:2491,0
DA:2498,26
DA:2499,26
DA:2501,26
DA:2502,26
DA:2503,26
DA:2506,26
DA:2507,26
DA:2508,26
DA:2515,26
DA:2516,26
DA:2521,55
DA:2522,55
DA:2526,0
DA:2528,0
DA:2532,55
DA:2533,55
DA:2540,26
DA:2545,26
DA:2546,26
DA:2547,26
DA:2548,26
DA:2549,42
DA:2550,26
DA:2551,26
DA:2552,26
DA:2553,26
DA:2554,26
DA:2555,26
DA:2556,26
DA:2559,26
DA:2581,26
DA:2588,130
DA:2589,26
DA:2590,26
DA:2593,0
DA:2595,0
DA:2597,0
DA:2598,0
DA:2599,0
DA:2600,0
DA:2601,0
DA:2602,0
DA:2603,0
DA:2604,0
DA:2606,0
DA:2608,0
DA:2609,0
DA:2646,3
DA:2647,3
DA:2648,3
DA:2649,3
DA:2651,3
DA:2657,26
DA:2658,26
DA:2661,26
DA:2662,26
DA:2664,26
DA:2667,26
DA:2669,26
DA:2671,26
DA:2674,52
DA:2675,26
DA:2681,26
DA:2684,26
DA:2687,26
DA:2689,26
DA:2690,26
DA:2694,26
DA:2695,26
DA:2698,26
DA:2702,26
DA:2708,5
DA:2709,5
DA:2713,5
DA:2714,5
DA:2718,25
DA:2719,25
DA:2723,15
DA:2724,15
DA:2728,0
DA:2729,0
DA:2733,15
DA:2734,15
DA:2738,20
DA:2739,20
DA:2743,62
DA:2744,62
DA:2756,5
DA:2758,5
DA:2759,5
DA:2760,5
DA:2761,5
DA:2762,5
DA:2763,5
DA:2764,5
DA:2765,10
DA:2768,15
DA:2770,5
DA:2771,10
DA:2775,52
DA:2776,52
DA:2777,52
DA:2782,26
DA:2783,26
DA:2784,26
DA:2789,26
DA:2790,26
DA:2791,26
DA:2792,26
DA:2795,5
DA:2796,5
DA:2798,5
DA:2799,5
DA:2801,5
DA:2804,5
DA:2807,5
DA:2810,5
DA:2811,5
DA:2814,5
DA:2815,31
DA:2816,26
DA:2818,5
DA:2820,5
DA:2821,5
DA:2825,5
DA:2828,5
DA:2831,5
DA:2835,5
DA:2836,5
DA:2837,5
DA:2838,5
DA:2841,0
DA:2842,0
DA:2843,0
DA:2846,5
DA:2847,31
DA:2848,26
DA:2850,5
DA:2857,25
DA:2860,50
DA:2861,75
DA:2865,9
DA:2866,9
DA:2870,6
DA:2871,6
DA:2878,0
DA:2879,0
DA:2880,0
DA:2881,0
DA:2882,0
DA:2883,0
DA:2885,0
DA:2890,0
DA:2892,0
DA:2893,0
DA:2900,0
DA:2902,0
DA:2903,0
DA:2904,0
DA:2905,0
DA:2906,0
DA:2910,0
DA:2912,0
DA:2913,0
DA:2914,0
DA:2926,0
DA:2977,0
DA:2978,0
DA:2979,0
DA:2980,0
DA:2981,0
DA:2982,0
DA:2983,0
DA:2990,3
DA:2991,3
DA:2993,3
DA:3000,3
DA:3002,3
DA:3003,3
DA:3004,3
DA:3005,3
DA:3006,3
DA:3007,3
DA:3008,3
DA:3009,3
DA:3010,3
DA:3011,9
DA:3012,3
DA:3013,3
DA:3017,0
DA:3018,0
DA:3019,0
DA:3020,0
DA:3030,77
DA:3032,77
DA:3039,77
DA:3040,77
DA:3043,77
DA:3044,77
DA:3045,77
DA:3046,77
DA:3071,0
DA:3072,0
DA:3073,0
DA:3075,0
DA:3083,0
DA:3084,0
DA:3085,0
DA:3087,0
DA:3088,0
DA:3089,0
DA:3090,0
DA:3091,0
DA:3093,0
DA:3094,0
DA:3097,0
DA:3104,3
DA:3105,52
DA:3106,52
DA:3107,52
DA:3110,3
DA:3113,3
DA:3131,3
DA:3133,3
DA:3141,3
DA:3143,3
DA:3144,0
DA:3146,3
DA:3150,3
DA:3151,0
DA:3155,3
DA:3156,0
DA:3157,0
DA:3163,3
DA:3164,0
DA:3169,3
DA:3170,6
DA:3171,6
DA:3172,6
DA:3173,3
DA:3174,3
DA:3176,3
DA:3178,3
DA:3179,3
DA:3180,3
DA:3181,3
DA:3184,5
DA:3186,5
DA:3187,5
DA:3188,5
DA:3189,5
DA:3190,5
DA:3192,0
DA:3194,5
DA:3195,5
DA:3212,26
DA:3213,26
DA:3214,26
DA:3215,26
DA:3216,26
DA:3217,26
DA:3220,2
DA:3222,2
DA:3225,2
DA:3227,2
DA:3228,0
DA:3231,0
DA:3232,0
DA:3236,26
DA:3237,26
DA:3238,26
DA:3239,0
DA:3240,0
DA:3242,0
DA:3244,26
DA:3245,26
DA:3246,0
DA:3248,26
DA:3249,26
DA:3250,52
DA:3252,0
DA:3254,26
DA:3255,26
DA:3258,5
DA:3259,5
DA:3262,5
DA:3263,5
DA:3264,5
DA:3265,10
DA:3266,5
DA:3267,5
DA:3281,3
DA:3283,3
DA:3284,3
DA:3285,3
DA:3286,3
DA:3289,0
DA:3290,0
DA:3291,0
DA:3292,0
DA:3295,0
DA:3296,0
DA:3297,0
DA:3298,0
DA:3300,0
DA:3301,0
DA:3302,0
DA:3303,0
DA:3305,0
DA:3306,0
DA:3307,0
DA:3308,0
DA:3314,0
DA:3315,0
DA:3316,0
DA:3317,0
DA:3320,0
DA:3321,0
DA:3322,0
DA:3323,0
DA:3325,0
DA:3326,0
DA:3327,0
DA:3328,0
DA:3330,0
DA:3331,0
DA:3332,0
DA:3337,3
DA:3339,3
DA:3340,6
DA:3341,6
DA:3342,6
DA:3343,3
DA:3344,3
DA:3345,6
DA:3347,3
DA:3348,3
DA:3349,3
DA:3351,3
DA:3352,3
DA:3353,0
DA:3354,0
DA:3355,0
DA:3358,3
DA:3359,3
DA:3360,0
DA:3361,0
DA:3362,0
DA:3363,0
DA:3364,0
DA:3368,3
DA:3369,3
DA:3370,0
DA:3371,0
DA:3373,0
DA:3379,3
DA:3380,3
DA:3389,3
DA:3396,0
DA:3397,0
DA:3431,6
DA:3432,3
DA:3433,6
DA:3435,6
DA:3436,6
DA:3437,6
DA:3439,6
DA:3440,9
DA:3441,3
DA:3442,0
DA:3443,0
DA:3447,6
DA:3471,9
DA:3472,9
DA:3475,15
DA:3477,15
DA:3478,78
DA:3479,6
DA:3480,9
DA:3481,9
DA:3482,9
DA:3483,78
DA:3486,15
DA:3488,15
DA:3489,9
DA:3494,3
DA:3496,3
DA:3497,9
DA:3498,6
DA:3501,3
DA:3503,3
DA:3505,3
DA:3506,9
DA:3507,6
DA:3510,3
DA:3529,18274
DA:3530,18274
DA:3534,9137
DA:3535,9137
DA:3548,228
DA:3549,228
DA:3598,3
DA:3599,6
DA:3600,3
DA:3601,0
DA:3603,3
DA:3606,3
DA:3608,3
DA:3609,3
DA:3610,3
DA:3611,3
DA:3612,3
DA:3613,3
DA:3615,0
DA:3617,0
DA:3618,0
DA:3619,0
DA:3620,0
DA:3621,0
DA:3622,0
DA:3634,228
DA:3636,228
DA:3638,9397
DA:3639,9169
DA:3640,9169
DA:3641,16
DA:3642,16
DA:3643,16
DA:3644,16
DA:3645,16
DA:3646,16
DA:3647,0
DA:3648,0
DA:3649,0
DA:3650,0
DA:3651,0
DA:3652,0
DA:3654,0
DA:3655,0
DA:3656,0
DA:3657,0
DA:3658,0
DA:3660,0
DA:3661,0
DA:3662,9137
DA:3663,9137
DA:3664,9137
DA:3665,0
DA:3666,0
DA:3668,9137
DA:3670,9137
DA:3674,456
DA:3675,228
DA:3680,0
DA:3682,0
DA:3683,0
DA:3684,0
DA:3685,0
DA:3686,0
DA:3688,0
DA:3689,0
DA:3709,34
DA:3710,34
DA:3711,34
DA:3712,68
DA:3713,34
DA:3715,34
DA:3726,34
DA:3732,34
DA:3734,34
DA:3735,0
DA:3737,68
DA:3738,136
DA:3739,136
DA:3740,136
DA:3741,136
DA:3742,102
DA:3746,0
DA:3748,0
DA:3749,0
DA:3751,0
DA:3752,0
DA:3753,0
DA:3754,0
DA:3755,0
DA:3756,0
DA:3758,0
DA:3759,0
DA:3761,0
DA:3762,0
DA:3763,0
DA:3765,228
DA:3771,228
DA:3773,228
DA:3776,0
DA:3778,228
DA:3779,228
DA:3782,26
DA:3785,26
DA:3786,26
DA:3788,26
DA:3789,0
DA:3792,26
DA:3793,78
DA:3795,26
DA:3796,64
DA:3799,26
DA:3800,0
DA:3803,26
DA:3804,0
DA:3805,0
DA:3806,0
DA:3807,0
DA:3808,0
DA:3811,104
DA:3812,26
DA:3813,104
DA:3814,26
DA:3815,26
DA:3817,26
DA:3818,52
DA:3819,26
DA:3821,52
DA:3822,78
DA:3824,26
DA:3825,28
DA:3826,2
DA:3827,2
DA:3828,0
DA:3829,0
DA:3833,0
DA:3834,0
DA:3836,0
DA:3837,0
DA:3838,0
DA:3839,0
DA:3840,0
DA:3841,0
DA:3844,26
DA:3845,26
DA:3847,0
DA:3848,0
DA:3850,0
DA:3851,0
DA:3853,26
DA:3856,5
DA:3858,5
DA:3859,5
DA:3860,15
DA:3861,5
DA:3862,10
DA:3863,5
DA:3864,5
DA:3865,10
DA:3866,5
DA:3868,10
DA:3869,15
DA:3870,5
DA:3871,10
DA:3872,5
DA:3874,10
DA:3875,5
DA:3877,5
DA:3878,31
DA:3879,26
DA:3880,26
DA:3882,5
DA:3883,5
DA:3886,3
DA:3888,3
DA:3890,3
DA:3891,3
DA:3893,3
DA:3894,6
DA:3895,3
DA:3896,6
DA:3897,3
DA:3899,6
DA:3900,9
DA:3901,3
DA:3902,6
DA:3903,3
DA:3905,6
DA:3907,3
DA:3908,0
DA:3909,0
DA:3911,3
DA:3913,9
DA:3914,3
DA:3916,8
DA:3917,5
DA:3918,5
DA:3920,3
DA:3921,3
DA:3923,0
DA:3925,0
DA:3927,0
DA:3928,0
DA:3930,0
DA:3931,0
DA:3932,0
DA:3934,0
DA:3935,0
DA:3936,0
DA:3937,0
DA:3939,0
DA:3940,0
DA:3942,0
DA:3943,0
DA:3947,8
DA:3949,8
DA:3950,8
DA:3951,0
DA:3952,0
DA:3953,0
DA:3955,16
DA:3956,8
DA:3958,0
DA:3960,0
DA:3961,0
DA:3963,0
DA:3964,0
DA:3967,0
DA:3968,0
DA:3969,0
DA:3970,0
DA:3971,0
DA:3972,0
DA:3973,0
DA:3975,0
DA:3976,0
DA:4035,0
DA:4036,0
DA:4037,0
DA:4038,0
DA:4040,0
DA:4042,0
DA:4044,0
DA:4045,0
DA:4046,0
DA:4047,0
DA:4048,0
DA:4049,0
DA:4052,0
DA:4053,0
DA:4055,0
DA:4056,0
DA:4057,0
DA:4058,0
DA:4061,0
DA:4062,0
DA:4063,0
DA:4064,0
DA:4065,0
DA:4066,0
DA:4067,0
DA:4068,0
DA:4069,0
DA:4070,0
DA:4071,0
DA:4072,0
DA:4073,0
DA:4074,0
DA:4075,0
DA:4076,0
DA:4077,0
DA:4078,0
DA:4079,0
DA:4080,0
DA:4082,0
DA:4084,0
DA:4088,0
DA:4089,0
DA:4095,0
DA:4096,0
DA:4097,0
DA:4098,0
DA:4099,0
DA:4103,0
DA:4105,0
DA:4106,0
DA:4108,0
DA:4109,0
DA:4110,0
DA:4111,0
DA:4112,0
DA:4113,0
DA:4116,0
DA:4117,0
DA:4120,0
DA:4128,0
DA:4130,0
DA:4133,0
DA:4135,0
DA:4136,0
DA:4137,0
DA:4138,0
DA:4140,0
DA:4148,0
DA:4150,0
DA:4153,0
DA:4155,0
DA:4156,0
DA:4157,0
DA:4158,0
DA:4161,0
DA:4164,0
DA:4165,0
DA:4166,0
DA:4168,0
DA:4169,0
DA:4171,0
DA:4172,0
DA:4175,0
DA:4176,0
DA:4179,0
DA:4180,0
DA:4181,0
DA:4182,0
DA:4183,0
DA:4186,0
DA:4187,0
DA:4188,0
DA:4189,0
DA:4190,0
DA:4193,0
DA:4194,0
DA:4196,0
DA:4197,0
DA:4198,0
DA:4200,0
DA:4202,0
DA:4203,0
DA:4204,0
DA:4205,0
DA:4206,0
DA:4207,0
DA:4208,0
DA:4212,0
DA:4213,0
DA:4217,0
DA:4218,0
DA:4221,0
DA:4222,0
DA:4223,0
DA:4224,0
DA:4227,0
DA:4229,0
DA:4230,0
DA:4232,0
DA:4233,0
DA:4234,0
DA:4236,0
DA:4237,0
DA:4239,0
DA:4241,0
DA:4242,0
DA:4244,0
DA:4246,0
DA:4247,0
DA:4249,0
DA:4250,0
DA:4253,0
DA:4255,0
DA:4256,0
DA:4257,0
DA:4258,0
DA:4259,0
DA:4261,0
DA:4263,0
DA:4266,0
DA:4267,0
DA:4270,0
DA:4272,0
DA:4273,0
DA:4274,0
DA:4276,0
DA:4278,0
DA:4280,0
DA:4282,0
DA:4283,0
DA:4284,0
DA:4287,0
DA:4288,0
DA:4290,0
DA:4291,0
DA:4294,0
DA:4295,0
DA:4297,0
DA:4298,0
DA:4300,0
DA:4301,0
DA:4302,0
DA:4303,0
DA:4304,0
DA:4306,0
DA:4308,0
DA:4312,0
DA:4313,0
DA:4315,0
DA:4317,0
DA:4318,0
DA:4319,0
DA:4320,0
DA:4321,0
DA:4322,0
DA:4324,0
DA:4326,0
DA:4327,0
DA:4329,0
DA:4330,0
DA:4331,0
DA:4333,0
DA:4338,0
DA:4339,0
DA:4342,0
DA:4344,0
DA:4345,0
DA:4346,0
DA:4347,0
DA:4348,0
DA:4350,0
DA:4351,0
DA:4362,0
DA:4363,0
DA:4364,0
DA:4365,0
DA:4366,0
DA:4367,0
DA:4371,0
DA:4372,0
DA:4373,0
DA:4374,0
DA:4375,0
DA:4378,0
DA:4379,0
DA:4381,0
DA:4382,0
DA:4383,0
DA:4386,0
DA:4387,0
DA:4388,0
DA:4389,0
DA:4393,0
DA:4395,0
DA:4396,0
DA:4397,0
DA:4401,0
DA:4402,0
DA:4403,0
DA:4405,0
DA:4407,0
DA:4408,0
DA:4409,0
DA:4414,0
DA:4416,0
DA:4417,0
DA:4418,0
DA:4420,0
DA:4430,2
DA:4476,4
DA:4480,140
DA:4490,140
DA:4496,3
DA:4497,6
DA:4500,3
DA:4504,0
DA:4505,0
DA:4506,0
DA:4508,3
DA:4510,6
DA:4511,3
DA:4512,0
DA:4513,0
DA:4514,0
DA:4515,0
DA:4516,0
DA:4519,3
DA:4531,3
DA:4532,3
DA:4533,3
DA:4534,3
DA:4536,3
DA:4542,6
DA:4543,6
DA:4544,6
DA:4549,6
DA:4550,6
DA:4551,3
DA:4552,3
DA:4553,3
DA:4554,6
DA:4559,36
DA:4566,3
DA:4567,3
DA:4570,3
DA:4571,3
DA:4572,3
DA:4574,3
DA:4581,3
DA:4582,3
DA:4585,3
DA:4586,3
DA:4587,3
DA:4589,3
DA:4593,0
DA:4594,0
DA:4597,0
DA:4598,0
DA:4599,0
DA:4610,412
DA:4619,412
DA:4620,412
DA:4625,0
DA:4626,0
DA:4630,0
DA:4631,0
DA:4635,8
DA:4636,8
DA:4641,6
DA:4642,6
DA:4647,0
DA:4648,0
DA:4650,0
DA:4651,0
DA:4653,0
DA:4654,0
DA:4656,0
DA:4657,0
DA:4662,3
DA:4663,3
DA:4667,3
DA:4668,3
DA:4672,6
DA:4675,6
DA:4676,6
DA:4680,0
DA:4681,0
DA:4685,3
DA:4686,3
DA:4690,0
DA:4693,6
DA:4697,3
DA:4698,3
DA:4702,6
DA:4703,6
DA:4708,3
DA:4712,0
DA:4716,10
DA:4717,10
DA:4722,0
DA:4723,0
DA:4729,3
DA:4730,3
DA:4735,0
DA:4736,0
DA:4741,31
DA:4742,31
DA:4755,0
DA:4756,0
DA:4757,0
DA:4760,0
DA:4761,0
DA:4768,2
DA:4774,2
DA:4775,2
DA:4777,2
DA:4778,2
DA:4779,0
DA:4781,0
DA:4782,0
DA:4783,0
DA:4784,0
DA:4788,2
DA:4789,0
DA:4793,2
DA:4794,2
DA:4795,2
DA:4797,2
DA:4804,0
DA:4814,0
DA:4821,0
DA:4823,0
DA:4831,2
DA:4838,0
DA:4840,0
DA:4841,0
DA:4848,3
DA:4850,3
DA:4876,3
DA:4880,3
DA:4925,3
DA:4928,6
DA:4929,3
DA:4933,0
DA:4934,0
DA:4939,0
DA:4941,0
DA:4942,0
DA:4943,0
DA:4947,0
DA:4949,0
DA:4950,0
DA:4951,0
DA:4956,0
DA:4958,0
DA:4959,0
DA:4960,0
DA:4963,0
DA:4968,3
DA:4969,3
DA:4973,3
DA:4974,3
DA:4975,3
DA:4978,3
DA:4979,3
DA:4980,3
DA:4984,0
DA:4986,0
DA:4987,0
DA:4988,0
DA:4991,0
DA:4993,0
DA:4994,0
DA:4995,0
DA:4999,3
DA:5000,3
DA:5002,3
DA:5003,3
DA:5004,3
DA:5006,3
DA:5008,3
DA:5009,3
DA:5010,3
DA:5011,3
DA:5012,3
DA:5013,3
DA:5014,3
DA:5015,3
DA:5016,3
DA:5017,3
DA:5018,3
DA:5019,3
DA:5021,3
DA:5024,18
DA:5025,3
DA:5026,3
DA:5028,6
DA:5030,3
DA:5033,3
DA:5035,3
DA:5036,6
DA:5043,0
DA:5044,0
DA:5047,0
DA:5048,0
DA:5049,0
DA:5050,0
DA:5051,0
DA:5052,0
DA:5054,0
DA:5055,0
DA:5057,0
DA:5058,0
DA:5063,3
DA:5064,3
DA:5065,0
DA:5066,3
DA:5071,3
DA:5072,3
DA:5073,3
DA:5074,6
DA:5075,6
DA:5076,0
DA:5077,0
DA:5078,0
DA:5079,0
DA:5080,0
DA:5081,0
DA:5083,3
DA:5088,3
DA:5089,3
DA:5090,3
DA:5091,0
DA:5092,0
DA:5093,0
DA:5094,0
DA:5096,0
DA:5097,0
DA:5100,3
DA:5108,6
DA:5110,6
DA:5111,3
DA:5119,3
DA:5120,3
DA:5126,3
DA:5130,3
DA:5134,3
DA:5144,6
DA:5157,26
DA:5160,24
DA:5161,48
DA:5162,48
DA:5181,26
DA:5187,26
DA:5188,52
DA:5190,26
DA:5194,5
DA:5197,10
DA:5203,1
DA:5204,1
DA:5208,4
DA:5211,5
DA:5212,5
DA:5217,0
DA:5218,0
DA:5229,3
DA:5232,3
DA:5235,3
DA:5236,0
DA:5240,3
DA:5245,3
DA:5249,3
DA:5252,3
DA:5253,3
DA:5261,3
DA:5266,3
DA:5268,3
DA:5271,3
DA:5273,0
DA:5274,0
DA:5277,3
DA:5278,0
DA:5281,3
DA:5283,3
DA:5285,3
DA:5286,3
DA:5290,3
DA:5292,3
DA:5293,6
DA:5296,3
DA:5298,3
DA:5301,3
DA:5302,0
DA:5306,0
DA:5310,3
DA:5313,3
DA:5315,3
DA:5316,3
DA:5317,3
DA:5321,3
DA:5325,0
DA:5326,0
DA:5328,0
DA:5329,0
DA:5330,0
DA:5331,0
DA:5332,0
DA:5334,0
DA:5335,3
DA:5336,8
DA:5338,5
DA:5343,3
DA:5344,3
DA:5346,3
DA:5349,3
DA:5352,3
DA:5355,3
DA:5356,0
DA:5365,3
DA:5367,3
DA:5369,0
DA:5373,3
DA:5375,3
DA:5376,0
DA:5389,3
DA:5396,3
DA:5397,3
DA:5398,3
DA:5399,0
DA:5400,0
DA:5401,0
DA:5405,0
DA:5406,0
DA:5408,0
DA:5410,3
DA:5418,6
DA:5421,6
DA:5422,0
DA:5425,6
DA:5426,6
DA:5428,6
DA:5429,6
DA:5430,0
DA:5431,0
DA:5432,0
DA:5433,0
DA:5434,0
DA:5435,0
DA:5436,0
DA:5437,0
DA:5438,0
DA:5439,0
DA:5440,0
DA:5441,0
DA:5442,0
DA:5443,0
DA:5444,0
DA:5445,0
DA:5446,0
DA:5447,0
DA:5448,0
DA:5449,0
DA:5450,0
DA:5451,0
DA:5452,0
DA:5453,0
DA:5454,0
DA:5455,0
DA:5457,0
DA:5463,12
DA:5464,12
DA:5465,12
DA:5466,12
DA:5470,0
DA:5472,0
DA:5474,0
DA:5481,0
DA:5482,0
DA:5492,3
DA:5493,3
DA:5494,0
DA:5495,3
DA:5496,0
DA:5502,3
DA:5503,3
DA:5504,8
DA:5505,5
DA:5506,5
DA:5508,31
DA:5509,26
DA:5510,26
DA:5513,26
DA:5514,52
DA:5515,26
DA:5516,26
DA:5517,26
DA:5519,26
DA:5521,26
DA:5523,26
DA:5524,26
DA:5528,26
DA:5529,0
DA:5530,26
DA:5531,26
DA:5533,26
DA:5534,26
DA:5536,26
DA:5537,26
DA:5538,26
DA:5539,5
DA:5540,3
DA:5547,0
DA:5548,0
DA:5549,0
DA:5550,0
DA:5551,0
DA:5552,0
DA:5554,0
DA:5555,0
DA:5556,0
DA:5558,0
DA:5559,0
DA:5563,0
DA:5566,0
DA:5568,0
DA:5570,0
DA:5571,0
DA:5573,0
DA:5574,0
DA:5575,0
DA:5576,0
DA:5577,0
DA:5578,0
DA:5579,0
DA:5580,0
DA:5583,0
DA:5585,0
DA:5587,0
DA:5588,0
DA:5589,0
DA:5592,0
DA:5594,0
DA:5598,0
DA:5599,0
DA:5600,0
DA:5601,0
DA:5602,0
DA:5603,0
DA:5604,0
DA:5605,0
DA:5606,0
DA:5607,0
DA:5608,0
DA:5609,0
DA:5610,0
DA:5611,0
DA:5613,0
DA:5614,0
DA:5615,0
DA:5616,0
DA:5623,0
DA:5625,0
DA:5626,0
DA:5627,0
DA:5629,0
DA:5634,142
DA:5635,142
DA:5639,3
DA:5643,142
DA:5647,112
DA:5648,112
DA:5649,106
DA:5651,6
DA:5652,0
DA:5654,6
DA:5659,0
DA:5661,0
DA:5664,0
DA:5665,0
DA:5668,0
DA:5669,0
DA:5671,0
DA:5674,3
DA:5675,8
DA:5677,5
DA:5679,5
DA:5681,3
DA:5693,0
DA:5697,0
DA:5706,409
DA:5708,32
DA:5712,32
DA:5713,0
DA:5715,32
DA:5721,0
DA:5722,0
DA:5723,0
DA:5724,0
DA:5725,0
DA:5727,0
DA:5735,30
DA:5738,30
DA:5741,30
DA:5742,30
DA:5743,30
DA:5746,3
DA:5749,3
DA:5750,0
DA:5756,3
DA:5759,3
DA:5760,30
DA:5772,15
DA:5774,15
DA:5777,15
DA:5780,0
DA:5781,0
DA:5789,0
DA:5791,0
DA:5794,0
DA:5797,0
DA:5798,0
DA:5807,15
DA:5809,15
DA:5812,15
DA:5815,3
DA:5816,3
DA:5825,0
DA:5826,0
DA:5827,0
DA:5828,0
DA:5829,0
DA:5830,0
DA:5831,0
DA:5843,0
DA:5844,0
DA:5851,0
DA:5852,0
DA:5853,0
DA:5854,0
DA:5857,0
DA:5859,0
DA:5860,0
DA:5861,0
DA:5862,0
DA:5863,0
DA:5864,0
DA:5865,0
DA:5866,0
DA:5867,0
DA:5868,0
DA:5869,0
DA:5870,0
DA:5872,0
DA:5874,0
DA:5942,3
DA:5943,3
DA:5944,3
DA:5945,3
DA:5946,3
DA:5947,3
DA:5948,3
DA:5949,3
DA:5950,3
DA:5951,3
DA:5952,3
DA:5953,3
DA:5954,3
DA:5955,3
DA:5956,3
DA:5957,3
DA:5958,3
DA:5959,0
DA:5960,0
DA:5961,0
DA:5962,0
DA:5963,0
DA:5964,0
DA:5965,0
DA:5966,0
DA:5967,6
DA:5968,0
DA:5969,3
DA:5973,0
DA:5974,0
DA:5975,0
DA:5976,0
DA:5977,0
DA:5979,0
DA:5980,0
DA:5981,0
DA:5982,0
DA:5983,0
DA:5984,0
DA:5985,0
DA:5986,0
DA:5987,0
DA:5989,0
DA:5996,3
DA:5997,6
DA:5998,3
DA:5999,3
DA:6005,3
DA:6006,3
DA:6007,3
DA:6009,0
DA:6010,0
DA:6011,0
DA:6013,0
DA:6014,0
DA:6015,0
DA:6018,0
DA:6021,3
DA:6026,6
DA:6027,3
DA:6031,3
DA:6035,3
DA:6039,3
DA:6043,0
DA:6045,3
DA:6049,3
DA:6050,3
DA:6062,3
DA:6063,0
DA:6064,0
DA:6065,0
DA:6072,3
DA:6074,3
DA:6076,3
DA:6078,3
DA:6079,9
DA:6080,6
DA:6087,3
DA:6088,3
DA:6102,3
DA:6106,3
DA:6108,3
DA:6112,0
DA:6116,0
DA:6118,0
DA:6122,0
DA:6124,0
DA:6125,0
DA:6126,0
DA:6127,0
DA:6132,0
DA:6134,0
DA:6136,0
DA:6154,0
DA:6162,0
DA:6163,0
DA:6164,0
DA:6165,0
DA:6166,0
DA:6168,0
DA:6169,0
DA:6172,0
DA:6174,0
DA:6175,0
LF:2369
LH:958
end_of_record
TN:
SF:/usr/include/c++/13/array
DA:131,1643
DA:132,1643
DA:141,710
DA:142,710
DA:151,710
DA:152,710
DA:161,1643
DA:162,1643
DA:281,2353
DA:282,2353
LF:10
LH:10
end_of_record
TN:
SF:/usr/include/c++/13/atomic
DA:76,58
DA:103,7
DA:104,7
DA:111,65
DA:112,130
DA:119,7
DA:120,14
DA:856,27
LF:8
LH:8
end_of_record
TN:
SF:/usr/include/c++/13/bit
DA:195,0
DA:198,0
DA:200,0
DA:201,0
DA:203,0
DA:204,0
DA:205,0
DA:209,0
DA:210,0
DA:214,0
DA:215,0
DA:227,0
DA:228,0
DA:230,0
DA:231,0
DA:233,0
DA:234,0
DA:235,0
DA:365,0
DA:367,0
DA:368,0
LF:21
LH:0
end_of_record
TN:
SF:/usr/include/c++/13/bits/alloc_traits.h
DA:482,67120
DA:516,11502
DA:539,723
DA:541,723
DA:559,786
DA:561,785
DA:575,96690
DA:587,4544
DA:660,625
DA:674,616
DA:721,0
DA:754,654
DA:758,654
DA:791,2367
DA:947,4165
DA:948,4164
LF:16
LH:15
end_of_record
TN:
SF:/usr/include/c++/13/bits/allocated_ptr.h
DA:53,1788
DA:54,1788
DA:55,1789
DA:71,1788
DA:73,1788
DA:74,891
DA:75,1788
DA:79,897
DA:81,897
DA:82,897
DA:86,899
DA:96,899
DA:98,899
LF:13
LH:13
end_of_record
TN:
SF:/usr/include/c++/13/bits/allocator.h
DA:105,58
DA:163,13821
DA:168,25972
DA:172,654
DA:178,2090
DA:184,20153
DA:191,67119
DA:193,0
DA:194,0
DA:195,0
DA:198,67118
DA:205,11502
DA:207,0
DA:208,0
DA:210,11502
DA:217,0
LF:16
LH:10
end_of_record
TN:
SF:/usr/include/c++/13/bits/atomic_base.h
DA:107,104932
DA:109,104932
DA:130,0
DA:132,0
DA:133,0
DA:221,15
DA:222,15
DA:223,15
DA:228,15
DA:310,15
DA:311,15
DA:362,85
DA:476,7
DA:477,7
DA:478,7
DA:479,7
DA:481,7
DA:482,7
DA:501,104925
DA:502,104925
DA:503,104925
DA:505,104925
DA:523,21
DA:538,1
DA:540,1
DA:541,1
DA:635,4
DA:645,17
DA:665,4
DA:1116,0
LF:30
LH:26
end_of_record
TN:
SF:/usr/include/c++/13/bits/atomic_futex.h
DA:80,15
DA:81,15
DA:86,184
DA:97,0
DA:101,0
DA:108,0
DA:109,0
DA:113,0
DA:114,0
DA:115,0
DA:127,4
DA:131,0
DA:138,4
DA:139,4
DA:143,4
DA:144,4
DA:145,4
DA:155,0
DA:158,0
DA:159,0
DA:182,4
DA:186,4
DA:187,4
DA:189,8
DA:190,8
DA:208,10
DA:209,10
DA:210,10
DA:212,0
DA:222,4
DA:223,8
DA:265,4
DA:266,4
DA:267,0
DA:269,4
DA:270,4
DA:276,14
DA:277,28
DA:278,4
DA:279,14
LF:40
LH:27
end_of_record
TN:
SF:/usr/include/c++/13/bits/atomic_wait.h
DA:123,0
DA:125,0
DA:128,0
DA:467,0
DA:471,0
DA:476,0
LF:6
LH:0
end_of_record
TN:
SF:/usr/include/c++/13/bits/basic_string.h
DA:124,64498
DA:126,64499
DA:136,64499
DA:153,14
DA:154,14
DA:163,14
DA:176,14
DA:177,14
DA:188,3650
DA:189,3650
DA:192,14853
DA:193,14853
DA:212,23935
DA:213,23935
DA:217,168087
DA:218,168087
DA:222,624351
DA:223,624351
DA:227,34843
DA:230,34843
DA:238,273279
DA:241,273279
DA:249,19259
DA:250,19259
DA:254,160817
DA:256,160817
DA:257,160823
DA:258,160811
DA:262,273278
DA:264,273278
DA:266,227730
DA:267,0
DA:268,227730
DA:270,45552
DA:280,113442
DA:282,113442
DA:283,8310
DA:284,113440
DA:288,8310
DA:289,8310
DA:336,81034
DA:337,81034
DA:341,100008
DA:342,100008
DA:351,14005
DA:352,0
DA:353,0
DA:355,14005
DA:376,113
DA:378,113
DA:379,0
DA:382,113
DA:387,27676
DA:389,27676
DA:390,0
DA:391,27680
DA:397,102
DA:399,102
DA:400,102
DA:405,22150
DA:407,22150
DA:408,22145
DA:415,62721
DA:417,62721
DA:418,31303
DA:420,31418
DA:421,62721
DA:425,104
DA:427,104
DA:428,41
DA:430,63
DA:431,104
DA:435,810
DA:437,810
DA:438,663
DA:440,147
DA:441,810
DA:467,3613
DA:468,3613
DA:472,3450
DA:474,3450
DA:478,928
DA:480,928
DA:482,928
DA:483,0
DA:484,928
DA:485,0
DA:487,928
DA:512,8894
DA:514,26682
DA:517,8894
DA:518,8894
DA:525,213
DA:526,213
DA:529,213
DA:530,213
DA:537,3613
DA:538,3613
DA:539,3613
DA:541,3613
DA:543,3613
DA:571,11
DA:573,22
DA:575,11
DA:576,11
DA:577,11
DA:579,11
DA:609,81
DA:611,81
DA:614,81
DA:615,0
DA:617,81
DA:618,81
DA:631,3356
DA:632,3356
DA:635,3356
DA:636,0
DA:638,3356
DA:639,3356
DA:640,3356
DA:654,0
DA:655,0
DA:656,0
DA:667,2335
DA:668,2335
DA:670,2335
DA:672,765
DA:673,765
DA:677,1570
DA:678,1570
DA:684,2335
DA:685,2335
DA:686,2335
DA:687,2335
DA:748,0
DA:750,0
DA:753,0
DA:758,0
DA:783,14
DA:784,14
DA:791,99098
DA:792,99098
DA:800,3100
DA:802,3100
DA:811,692
DA:812,692
DA:841,578
DA:844,578
DA:846,679
DA:847,578
DA:850,0
DA:851,0
DA:852,0
DA:855,578
DA:857,578
DA:862,378
DA:864,378
DA:865,28
DA:866,378
DA:869,200
DA:872,200
DA:874,200
DA:879,101
DA:880,101
DA:886,200
DA:887,200
DA:888,200
DA:889,200
DA:891,101
DA:892,101
DA:895,99
DA:898,0
DA:899,578
DA:900,578
DA:924,0
DA:925,0
DA:932,21
DA:933,21
DA:943,95
DA:944,95
DA:952,0
DA:953,0
DA:961,95
DA:962,95
DA:970,0
DA:971,0
DA:1059,176271
DA:1060,176271
DA:1066,90906
DA:1067,90906
DA:1072,96182
DA:1073,192366
DA:1101,0
DA:1102,0
DA:1157,151417
DA:1159,151417
DA:1160,151394
DA:1199,578
DA:1200,578
DA:1208,117
DA:1209,117
DA:1224,9185
DA:1226,9185
DA:1227,9185
DA:1242,0
DA:1246,0
DA:1249,0
DA:1315,0
DA:1317,0
DA:1318,0
DA:1354,82
DA:1355,82
DA:1364,174
DA:1365,174
DA:1374,27171
DA:1376,27171
DA:1377,27171
DA:1412,428
DA:1413,428
DA:1443,1337
DA:1446,1337
DA:1447,1337
DA:1457,487
DA:1460,487
DA:1461,487
DA:1462,487
DA:1475,0
DA:1476,0
DA:1549,27171
DA:1551,27171
DA:1552,27171
DA:1553,0
DA:1554,27171
DA:1555,27171
DA:1556,27171
DA:1565,3100
DA:1568,3100
DA:1570,0
DA:1571,0
DA:1575,0
DA:1577,0
DA:1578,0
DA:1579,0
DA:1583,0
DA:1584,0
DA:1586,0
DA:1587,0
DA:1588,0
DA:1589,0
DA:1590,0
DA:1593,0
DA:1596,3100
DA:1597,3100
DA:1652,0
DA:1655,0
DA:1669,1392
DA:1672,1392
DA:1673,1392
DA:1730,0
DA:1732,0
DA:1733,0
DA:1882,0
DA:1883,0
DA:1884,0
DA:1950,91
DA:1953,91
DA:1954,91
DA:1975,0
DA:1976,0
DA:1977,0
DA:2077,0
DA:2081,0
DA:2082,0
DA:2083,0
DA:2192,91
DA:2196,91
DA:2197,91
DA:2583,3872
DA:2584,3872
DA:2596,6822
DA:2597,6822
DA:2608,357
DA:2609,357
DA:2617,213
DA:2618,426
DA:2649,16
DA:2651,16
DA:2683,71
DA:2686,71
DA:3151,11
DA:3153,11
DA:3171,3800
DA:3173,3800
DA:3174,3800
DA:3175,3800
DA:3177,3800
DA:3178,3800
DA:3179,928
DA:3180,3800
DA:3516,213
DA:3524,213
DA:3525,213
DA:3526,213
DA:3527,213
DA:3528,426
DA:3529,213
DA:3559,93
DA:3566,186
DA:3595,120
DA:3602,240
DA:3613,0
DA:3618,0
DA:3625,176
DA:3627,176
DA:3639,170
DA:3644,170
DA:3646,170
DA:3649,170
DA:3652,170
DA:3653,170
DA:3654,0
DA:3656,170
DA:3662,91
DA:3664,91
DA:3676,313
DA:3678,313
DA:3698,1094
DA:3702,1094
DA:3703,1094
DA:3715,3669
DA:3718,3669
DA:3719,3669
DA:3733,1929
DA:3736,1929
DA:4177,0
DA:4182,0
DA:4183,0
DA:4184,0
DA:4185,0
DA:4186,0
DA:4187,0
DA:4188,0
LF:342
LH:265
end_of_record
TN:
SF:/usr/include/c++/13/bits/basic_string.tcc
DA:59,2367
DA:62,2367
DA:63,0
DA:65,2367
DA:67,2367
DA:68,2193
DA:70,0
DA:73,0
DA:74,0
DA:75,0
DA:76,0
DA:77,0
DA:78,0
DA:80,0
DA:82,0
DA:83,0
DA:84,0
DA:85,0
DA:86,0
DA:88,0
DA:90,0
DA:91,0
DA:92,0
DA:93,0
DA:94,0
DA:99,2193
DA:100,2193
DA:101,2193
DA:102,2193
DA:103,2193
DA:104,2193
DA:108,174
DA:109,174
DA:111,49
DA:112,49
DA:113,49
DA:114,49
DA:118,125
DA:119,125
DA:120,125
DA:121,125
DA:123,174
DA:126,2367
DA:127,2367
DA:128,2367
DA:134,64499
DA:139,64499
DA:140,0
DA:145,64502
DA:147,4020
DA:149,4020
DA:150,0
DA:155,64502
DA:217,7063
DA:221,7063
DA:223,7063
DA:225,2372
DA:226,2372
DA:235,7063
DA:238,7063
DA:241,7063
DA:243,7063
DA:245,7063
DA:247,7063
DA:248,7063
DA:253,207
DA:256,207
DA:258,0
DA:259,0
DA:264,207
DA:265,207
DA:267,207
DA:268,207
DA:273,60678
DA:276,60678
DA:278,60678
DA:279,60678
DA:281,60677
DA:283,3379
DA:284,3379
DA:285,3379
DA:286,3379
DA:287,3379
DA:290,60677
DA:291,11914
DA:293,60677
DA:295,60675
DA:300,4538
DA:303,4538
DA:308,4538
DA:309,905
DA:311,3633
DA:312,3633
DA:313,3633
DA:314,3633
DA:315,3633
DA:321,5512
DA:325,5512
DA:327,5512
DA:328,5512
DA:330,5512
DA:331,2003
DA:332,5512
DA:333,5279
DA:334,5512
DA:335,99
DA:336,99
DA:338,5512
DA:339,5512
DA:340,5512
DA:341,5512
DA:346,0
DA:349,0
DA:351,0
DA:352,0
DA:354,0
DA:355,0
DA:395,0
DA:398,0
DA:399,0
DA:400,0
DA:401,0
DA:402,0
DA:403,0
DA:408,27485
DA:411,27485
DA:413,27485
DA:415,25307
DA:416,25112
DA:419,2178
DA:421,27485
DA:422,27485
DA:445,603
DA:449,603
DA:451,603
DA:452,603
DA:454,603
DA:456,603
DA:458,603
DA:459,603
DA:460,0
DA:463,0
DA:465,603
DA:466,603
DA:468,603
DA:469,603
DA:506,25250
DA:510,25250
DA:512,25253
DA:513,25253
DA:515,25253
DA:517,22150
DA:519,22152
DA:521,22152
DA:523,0
DA:524,0
DA:525,0
DA:526,0
DA:527,0
DA:528,0
DA:532,22150
DA:534,22148
DA:535,104
DA:536,22148
DA:537,7590
DA:540,0
DA:543,3101
DA:545,25249
DA:546,25245
DA:612,779
DA:617,779
DA:619,779
DA:620,0
DA:621,779
DA:622,0
DA:624,779
DA:625,779
DA:626,779
DA:627,779
DA:628,779
DA:630,1936
DA:633,1779
DA:634,1779
DA:635,350
DA:639,1429
DA:640,272
DA:641,1157
DA:643,157
DA:649,484
DA:652,484
DA:653,484
DA:654,484
DA:656,484
DA:657,484
DA:658,484
DA:659,484
DA:660,363
DA:662,484
LF:198
LH:150
end_of_record
TN:
SF:/usr/include/c++/13/bits/char_traits.h
DA:125,0
DA:128,0
DA:129,0
DA:132,0
DA:133,0
DA:136,0
DA:137,0
DA:140,0
DA:141,0
DA:186,0
DA:189,0
DA:190,0
DA:191,0
DA:192,0
DA:193,0
DA:194,0
DA:199,0
DA:202,0
DA:203,0
DA:204,0
DA:205,0
DA:210,0
DA:213,0
DA:214,0
DA:215,0
DA:216,0
DA:222,0
DA:225,0
DA:226,0
DA:228,0
DA:230,0
DA:231,0
DA:232,0
[...]
DA:1331,372
DA:1332,186
DA:1334,186
DA:1335,186
DA:1337,0
DA:1340,186
DA:1341,186
DA:1343,0
DA:1344,0
DA:1345,0
DA:1347,0
DA:1348,0
DA:1349,0
DA:1351,0
DA:1352,0
DA:1353,0
DA:1355,0
DA:1356,0
DA:1357,0
DA:1359,0
DA:1361,0
DA:1362,0
DA:1363,0
DA:1366,0
DA:1367,0
DA:1368,0
DA:1370,0
DA:1371,0
DA:1372,0
DA:1374,0
DA:1376,0
DA:1377,0
DA:1378,0
DA:1379,0
DA:1380,0
DA:1381,0
DA:1382,0
DA:1383,0
DA:1384,0
DA:1385,0
DA:1386,0
DA:1387,0
DA:1388,0
DA:1389,0
DA:1390,0
DA:1391,0
DA:1392,0
DA:1394,0
DA:1395,0
DA:1396,0
DA:1397,0
DA:1398,0
DA:1399,0
DA:1400,0
DA:1401,0
DA:1402,0
DA:1403,0
DA:1404,0
DA:1407,0
DA:1408,0
DA:1410,0
DA:1415,186
DA:1417,186
DA:1419,186
DA:1421,186
DA:1422,186
DA:1423,186
DA:1424,0
DA:1426,186
DA:1427,186
DA:1429,186
DA:1430,186
DA:1431,186
DA:1432,186
DA:1434,186
DA:1436,0
DA:1437,0
DA:1439,0
DA:1440,0
DA:1441,0
DA:1442,0
DA:1443,0
DA:1444,0
DA:1446,0
DA:1447,0
DA:1448,0
DA:1449,0
DA:1450,0
DA:1451,0
DA:1452,0
DA:1453,0
DA:1454,0
DA:1455,0
DA:1456,0
DA:1458,0
DA:1459,0
DA:1460,0
DA:1461,0
DA:1462,0
DA:1463,0
DA:1464,186
DA:1465,186
DA:1466,0
DA:1467,186
DA:1471,372
DA:1472,186
DA:1473,0
DA:1474,186
DA:1475,0
DA:1477,186
DA:1481,186
DA:1483,186
DA:1487,0
DA:1488,0
DA:1489,0
DA:1490,0
DA:1494,0
DA:1496,0
DA:1497,0
DA:1500,0
DA:1502,0
DA:1503,0
DA:1505,0
DA:1509,186
DA:1511,0
DA:1512,0
DA:1513,0
DA:1517,186
DA:1519,182
DA:1520,0
DA:1521,182
DA:1522,0
DA:1525,186
DA:1528,186
DA:1530,0
DA:1531,0
DA:1533,0
DA:1535,0
DA:1537,0
DA:1538,0
DA:1539,0
DA:1540,0
DA:1544,0
DA:1545,0
DA:1546,0
DA:1547,0
DA:1548,0
DA:1551,0
DA:1553,0
DA:1554,0
DA:1555,0
DA:1558,0
DA:1560,0
DA:1563,0
DA:1564,0
DA:1565,0
DA:1567,0
DA:1568,0
DA:1569,0
DA:1570,0
DA:1574,0
DA:1575,0
DA:1577,0
DA:1578,0
DA:1579,0
DA:1580,0
DA:1581,0
DA:1585,0
DA:1586,0
DA:1587,0
DA:1589,0
DA:1599,186
DA:1600,186
DA:1602,186
DA:1617,186
DA:1620,0
DA:1623,0
DA:1626,186
DA:1628,186
DA:1629,186
DA:1631,0
DA:1632,0
DA:1634,0
DA:1635,0
DA:1636,0
DA:1638,0
DA:1639,0
DA:1641,0
DA:1643,0
DA:1645,0
DA:1646,0
DA:1650,0
DA:1652,0
DA:1653,0
DA:1654,186
DA:1658,0
DA:1661,0
DA:1663,0
DA:1664,0
DA:1666,0
DA:1667,0
DA:1668,0
DA:1673,0
DA:1674,0
DA:1683,0
DA:1684,0
DA:1686,0
DA:1687,0
DA:1688,0
DA:1689,0
DA:1690,0
DA:1691,0
DA:1692,0
DA:1694,0
DA:1695,0
DA:1697,0
DA:1699,0
DA:1700,0
DA:1701,0
DA:1703,0
DA:1704,0
DA:1706,0
DA:1708,0
DA:1709,0
DA:1710,0
DA:1714,0
DA:1719,0
DA:1720,0
DA:1722,0
DA:1737,0
DA:1739,0
DA:1744,0
DA:1746,0
DA:1747,0
DA:1748,0
DA:1751,0
DA:1754,0
DA:1835,1
DA:1840,1
DA:1842,1
DA:1928,460
DA:1932,460
DA:1934,460
DA:1980,59
DA:1985,59
DA:1986,59
DA:2025,186
DA:2029,186
DA:2030,186
DA:2045,0
DA:2047,0
DA:2048,0
DA:2049,0
DA:2051,0
DA:2052,0
DA:2055,0
DA:2056,0
DA:2058,0
DA:2059,0
DA:2061,0
DA:2064,0
DA:2065,0
DA:2067,0
DA:2068,0
DA:2069,0
DA:2076,0
DA:2077,0
DA:2078,0
DA:2081,0
DA:2083,0
DA:2085,0
DA:2086,0
DA:2088,0
DA:2092,0
DA:2093,0
DA:2098,0
DA:2099,0
DA:2101,0
DA:2106,0
DA:2108,0
DA:2110,0
DA:2112,0
DA:2113,0
DA:2114,0
DA:2116,0
DA:2118,0
DA:2119,0
DA:2121,0
DA:2128,0
DA:2130,0
DA:2141,0
DA:2143,0
DA:2144,0
DA:2145,0
DA:2147,0
DA:2149,0
DA:2150,0
DA:2151,0
DA:2152,0
DA:2154,0
DA:2158,0
DA:2159,0
DA:2293,7396
DA:2294,2278
DA:2298,483
DA:2304,0
DA:2305,0
DA:2312,1341
DA:2313,1341
DA:2318,0
DA:2322,0
DA:2326,0
DA:2349,1193
DA:2350,1193
DA:2351,1193
DA:2357,483
DA:2363,1341
DA:2369,483
DA:2382,0
DA:2384,0
DA:2385,0
DA:2386,0
DA:2387,0
DA:2390,1341
DA:2392,1341
DA:2393,1341
DA:2395,0
DA:2396,0
DA:2397,0
DA:2398,0
DA:2399,0
DA:2401,1341
DA:2403,1341
DA:2404,1341
DA:2406,1341
DA:2415,483
DA:2427,1193
DA:2428,2386
DA:2429,1193
DA:2443,483
DA:2445,483
DA:2447,483
DA:2450,483
DA:2451,483
DA:2455,483
DA:2456,483
DA:2465,483
DA:2467,483
DA:2468,483
DA:2492,0
DA:2494,0
DA:2495,0
DA:2496,0
DA:2497,0
DA:2499,0
DA:2500,0
DA:2501,0
DA:2502,0
DA:2504,0
DA:2505,0
DA:2507,0
DA:2508,0
DA:2509,0
DA:2514,710
DA:2515,1420
DA:2516,710
DA:2684,1663
DA:2698,18
DA:2706,41
DA:2712,186
DA:2723,1
DA:2725,460
DA:2761,227
DA:2763,470
DA:2764,933
DA:2796,24
DA:2801,24
DA:2802,24
DA:2803,24
DA:2804,24
DA:2808,24
DA:2809,24
DA:2814,24
DA:2815,24
DA:2816,24
DA:2817,24
DA:2822,227
DA:2831,227
DA:2832,227
DA:2833,227
DA:2837,933
DA:3016,933
DA:3018,933
DA:3019,933
DA:3020,933
DA:3025,730
DA:3026,730
DA:3029,460
DA:3031,270
DA:3032,730
DA:3044,933
DA:3047,933
DA:3049,0
DA:3050,0
DA:3051,18
DA:3052,18
DA:3053,0
DA:3054,0
DA:3055,0
DA:3056,0
DA:3057,0
DA:3058,0
DA:3059,41
DA:3060,41
DA:3061,0
DA:3062,0
DA:3064,0
DA:3065,0
DA:3066,186
DA:3067,186
DA:3069,0
DA:3070,0
DA:3078,1
DA:3079,1
DA:3080,460
DA:3081,460
DA:3082,0
DA:3083,0
DA:3084,227
DA:3086,227
DA:3087,227
DA:3090,0
DA:3091,0
DA:3092,0
DA:3093,0
DA:3098,0
DA:3099,0
DA:3102,0
DA:3108,933
DA:3110,933
DA:3120,0
DA:3123,0
DA:3132,0
DA:3134,0
DA:3135,0
DA:3137,0
DA:3144,0
DA:3145,0
DA:3150,710
DA:3152,710
DA:3153,1643
DA:3154,933
DA:3155,710
DA:3196,933
DA:3198,933
DA:3199,933
DA:3223,933
DA:3225,933
DA:3226,933
DA:3228,0
DA:3229,0
DA:3230,933
DA:3268,497
DA:3270,497
DA:3272,497
DA:3280,304
DA:3281,43
DA:3282,304
DA:3291,483
DA:3303,483
DA:3306,483
DA:3308,483
DA:3319,483
DA:3330,304
DA:3368,710
DA:3370,710
DA:3371,710
DA:3373,0
DA:3375,0
DA:3376,0
DA:3386,710
DA:3395,933
DA:3396,1866
DA:3399,0
DA:3402,2278
DA:3404,1568
DA:3433,710
DA:3434,710
DA:3435,710
DA:3437,4156
DA:3438,1980
DA:3441,710
DA:3443,710
DA:3445,710
DA:3447,307
DA:3448,307
DA:3449,316
DA:3452,403
DA:3453,403
DA:3455,1029
DA:3457,635
DA:3458,635
DA:3460,9
DA:3461,9
DA:3462,9
DA:3464,626
DA:3466,626
DA:3467,626
DA:3468,0
DA:3469,626
DA:3470,626
DA:3471,626
DA:3472,626
DA:3473,626
DA:3474,626
DA:3476,0
DA:3477,0
DA:3478,0
DA:3482,626
DA:3483,626
DA:3484,626
DA:3485,626
DA:3490,0
DA:3491,0
DA:3492,0
DA:3493,0
DA:3494,0
DA:3495,0
DA:3496,0
DA:3497,0
DA:3498,0
DA:3504,1962
DA:3505,1962
DA:3507,0
DA:3509,626
DA:3511,626
DA:3514,626
DA:3515,626
DA:3516,0
DA:3518,0
DA:3519,0
DA:3523,0
DA:3524,0
DA:3525,0
DA:3526,0
DA:3527,0
DA:3529,0
DA:3532,0
DA:3534,626
DA:3535,626
DA:3536,626
DA:3546,710
DA:3548,710
DA:3549,710
DA:3557,635
DA:3559,635
DA:3560,635
DA:3561,635
DA:3564,933
DA:3569,2553
DA:3573,0
DA:3575,227
DA:3578,706
DA:3579,1412
DA:3580,706
DA:3584,933
DA:3585,933
DA:3635,710
DA:3639,710
DA:3640,710
DA:3643,710
DA:3647,710
DA:3648,710
DA:3649,0
DA:3650,710
DA:3651,710
DA:3654,1420
DA:3657,710
DA:3681,507
DA:3705,483
DA:3708,483
DA:3709,966
DA:3710,483
DA:3742,280
DA:3743,560
DA:3774,24
DA:3776,24
DA:3777,72
LF:1044
LH:359
end_of_record
TN:
SF:/usr/include/c++/13/future
DA:94,0
DA:95,0
DA:112,0
DA:113,0
DA:114,0
DA:126,0
DA:127,0
DA:128,0
DA:229,15
DA:252,15
DA:254,30
DA:256,15
DA:257,14
DA:258,44
DA:262,24
DA:272,14
DA:274,14
DA:275,14
DA:276,14
DA:279,15
DA:340,15
DA:341,15
DA:344,15
DA:347,10
DA:350,10
DA:353,10
DA:354,10
DA:359,76
DA:363,152
DA:364,6
DA:366,70
DA:367,0
DA:370,70
DA:371,74
DA:384,4
DA:386,4
DA:388,66
DA:423,14
DA:425,14
DA:428,0
DA:429,14
DA:430,14
DA:432,14
DA:434,0
DA:435,0
DA:436,14
DA:460,10
DA:462,10
DA:464,0
DA:465,0
DA:470,0
DA:472,0
DA:475,10
DA:479,15
DA:481,30
DA:482,0
DA:483,15
DA:513,14
DA:515,14
DA:516,14
DA:556,14
DA:578,115
DA:580,115
DA:581,0
DA:582,115
DA:587,32
DA:589,32
DA:593,32
DA:594,32
DA:595,32
DA:598,14
DA:601,70
DA:721,76
DA:723,76
DA:724,76
DA:738,10
DA:740,10
DA:741,10
DA:742,10
DA:743,0
DA:744,10
DA:747,3
DA:749,3
DA:750,3
DA:754,15
DA:756,15
DA:757,15
DA:758,15
DA:776,10
DA:777,10
DA:804,15
DA:810,31
DA:816,3
DA:818,3
DA:819,3
DA:824,10
DA:826,10
DA:827,20
DA:828,10
DA:945,0
DA:946,0
DA:947,0
DA:1052,0
DA:1054,0
DA:1055,0
DA:1058,31
DA:1060,31
DA:1061,31
DA:1100,15
DA:1101,15
DA:1102,15
DA:1103,15
DA:1105,70
DA:1106,70
DA:1107,70
DA:1108,70
DA:1124,85
DA:1126,85
DA:1127,10
DA:1128,85
DA:1149,15
DA:1150,15
DA:1158,14
DA:1159,28
DA:1188,14
DA:1190,14
DA:1191,14
LF:127
LH:102
end_of_record
TN:
SF:/usr/include/c++/13/initializer_list
DA:69,212
DA:73,236
DA:77,118
LF:3
LH:3
end_of_record
TN:
SF:/usr/include/c++/13/iomanip
DA:167,170
DA:168,170
DA:197,510
DA:198,510
DA:227,170
DA:228,170
LF:6
LH:6
end_of_record
TN:
SF:/usr/include/c++/13/limits
DA:1204,31
DA:1207,31
DA:1211,4
DA:1750,0
DA:1753,4
DA:1757,4
DA:1791,156
DA:1794,0
LF:8
LH:6
end_of_record
TN:
SF:/usr/include/c++/13/mutex
DA:81,58
DA:111,58
DA:118,29
DA:120,29
DA:123,29
DA:124,0
DA:125,29
DA:136,29
DA:139,29
DA:140,29
DA:800,15
DA:831,14
DA:834,14
DA:836,46
DA:837,14
DA:839,14
DA:842,14
DA:843,14
DA:844,14
DA:896,14
DA:899,78
DA:900,32
DA:904,14
DA:907,14
DA:908,0
DA:909,14
LF:26
LH:24
end_of_record
TN:
SF:/usr/include/c++/13/new
DA:174,7660
DA:175,7660
DA:180,4
LF:3
LH:3
end_of_record
TN:
SF:/usr/include/c++/13/optional
DA:120,0
DA:121,28
DA:125,14
DA:126,14
DA:127,14
DA:128,14
DA:151,14
DA:153,14
DA:154,14
DA:155,14
DA:156,14
DA:239,14
DA:243,14
DA:244,14
DA:245,14
DA:263,28
DA:275,14
DA:278,14
DA:280,14
DA:281,14
DA:284,28
DA:286,28
DA:287,28
DA:288,28
DA:306,28
DA:307,28
DA:315,28
DA:317,28
DA:318,28
DA:319,28
DA:399,0
DA:400,28
DA:432,0
DA:439,28
DA:470,14
DA:471,14
DA:475,14
DA:477,14
DA:478,14
DA:514,0
DA:520,14
DA:521,14
DA:522,14
DA:542,14
DA:544,14
DA:545,14
DA:546,14
DA:739,0
DA:747,14
DA:749,14
DA:973,14
DA:974,14
DA:984,14
DA:985,14
LF:54
LH:49
end_of_record
TN:
SF:/usr/include/c++/13/semaphore
DA:69,0
DA:70,0
LF:2
LH:0
end_of_record
TN:
SF:/usr/include/c++/13/shared_mutex
DA:81,0
DA:85,0
DA:214,0
DA:216,0
DA:218,0
DA:219,0
DA:224,0
DA:232,0
DA:233,0
DA:234,0
DA:235,0
DA:237,0
DA:238,0
DA:254,0
DA:256,0
DA:257,0
DA:493,0
DA:496,0
DA:739,0
DA:740,0
DA:741,0
DA:764,0
DA:766,0
DA:767,0
DA:768,0
LF:25
LH:0
end_of_record
TN:
SF:/usr/include/c++/13/span
DA:90,3017
DA:91,3017
DA:92,3017
DA:95,3165
DA:96,3165
DA:159,3017
DA:161,3017
DA:168,3017
DA:189,1193
DA:190,1193
DA:191,1193
DA:227,1193
DA:247,0
DA:252,3165
DA:253,3165
DA:287,3648
DA:288,3648
DA:293,3500
DA:294,3500
DA:297,0
DA:298,0
DA:341,483
DA:343,483
DA:344,483
DA:399,1341
DA:402,1341
DA:403,1341
DA:404,1341
DA:407,0
DA:408,0
DA:410,1341
LF:31
LH:26
end_of_record
TN:
SF:/usr/include/c++/13/stop_token
DA:60,8
DA:62,12
DA:79,104765
DA:81,104765
DA:103,0
DA:106,0
DA:108,0
DA:109,0
DA:149,0
DA:164,6
DA:175,104765
DA:177,209530
DA:181,4
DA:183,4
DA:184,4
DA:187,10
DA:189,20
DA:190,6
DA:191,10
DA:200,6
DA:202,6
DA:203,6
DA:207,0
DA:211,0
DA:212,0
DA:214,0
DA:218,1
DA:220,1
DA:221,1
DA:224,1
DA:227,2
DA:230,1
DA:231,0
DA:233,1
DA:235,1
DA:237,1
DA:240,0
DA:241,0
DA:242,0
DA:244,0
DA:245,0
DA:248,0
DA:251,0
DA:253,0
DA:254,0
DA:257,0
DA:259,0
DA:261,0
DA:264,0
DA:265,0
DA:269,0
DA:270,0
DA:272,0
DA:275,1
DA:276,1
DA:359,0
DA:362,0
DA:372,1
DA:374,1
DA:375,1
DA:379,1
DA:382,1
DA:384,0
DA:385,0
DA:386,0
DA:388,1
DA:389,1
DA:390,1
DA:396,9
DA:400,6
DA:401,6
DA:402,6
DA:404,4
DA:405,4
DA:407,4
DA:408,4
DA:409,4
DA:411,28
DA:412,28
DA:414,28
DA:415,28
DA:432,10
DA:434,10
DA:435,10
DA:438,47
DA:440,47
DA:441,10
DA:442,47
DA:445,10
DA:446,10
DA:448,104791
DA:450,104772
DA:474,4
DA:475,4
DA:476,4
DA:483,6
DA:484,6
DA:486,9
DA:487,9
DA:496,10
DA:512,10
DA:514,25
DA:516,25
DA:517,6
DA:518,25
DA:522,1
DA:524,1
DA:535,1
DA:537,1
DA:538,1
DA:539,0
DA:544,4
DA:546,4
LF:113
LH:80
end_of_record
TN:
SF:/usr/include/c++/13/string_view
DA:70,1341
DA:72,1341
DA:73,0
DA:75,1341
DA:136,9492
DA:140,12
DA:141,12
DA:142,12
DA:143,12
DA:146,708
DA:147,708
DA:148,708
DA:155,2597
DA:157,2597
DA:158,2597
DA:183,1939
DA:189,710
DA:190,710
DA:194,710
DA:195,710
DA:231,10652
DA:232,10652
DA:256,1240
DA:258,1240
DA:259,1240
DA:291,1355
DA:292,1355
DA:297,0
DA:299,0
DA:300,0
DA:301,0
DA:302,0
DA:305,0
DA:306,0
DA:320,1341
DA:323,1341
DA:324,1341
DA:327,1341
DA:328,1341
DA:333,0
DA:335,0
DA:336,0
DA:337,0
LF:43
LH:31
end_of_record
TN:
SF:/usr/include/c++/13/system_error
DA:233,0
DA:234,0
DA:245,0
DA:262,0
DA:267,0
DA:276,0
DA:277,0
LF:7
LH:0
end_of_record
TN:
SF:/usr/include/c++/13/thread
DA:140,9
DA:141,9
DA:142,9
DA:148,6
DA:149,6
DA:150,6
DA:151,6
DA:154,5
DA:156,20
DA:158,20
DA:160,0
DA:161,0
DA:163,20
DA:169,5
DA:171,5
DA:172,5
DA:176,5
DA:178,5
DA:179,5
DA:180,5
DA:183,27
DA:185,27
DA:189,6
DA:191,6
DA:192,6
DA:230,1
DA:232,1
DA:243,6
DA:253,4
DA:261,2
LF:30
LH:28
end_of_record
TN:
SF:/usr/include/c++/13/tuple
DA:81,750
DA:82,750
DA:84,0
DA:85,0
DA:88,84
DA:91,24
DA:92,24
DA:125,729
DA:190,750
DA:191,750
DA:193,14
DA:194,14
DA:197,112
DA:200,48
DA:201,48
DA:234,1918
DA:237,11964
DA:269,1851
DA:272,11964
DA:280,750
DA:281,750
DA:291,28
DA:293,28
DA:294,28
DA:302,84
DA:497,796
DA:503,750
DA:504,750
DA:507,14
DA:508,14
DA:509,14
DA:513,44
DA:514,44
DA:515,44
DA:527,112
DA:529,112
DA:530,112
DA:874,14
DA:876,14
DA:889,16
DA:891,16
DA:903,28
DA:1310,750
DA:1312,750
DA:1338,28
DA:1340,28
DA:1351,84
DA:1773,2647
DA:1774,2647
DA:1778,11964
DA:1779,11964
DA:1789,2637
DA:1790,2637
DA:1795,11964
DA:1796,11964
DA:1801,10
DA:1804,10
DA:1830,0
DA:1832,0
DA:1835,0
DA:1987,0
DA:1991,0
DA:1999,28
DA:2000,28
DA:2238,14
DA:2243,14
DA:2244,14
DA:2250,14
DA:2253,14
DA:2254,28
DA:2255,14
LF:71
LH:64
end_of_record
TN:
SF:/usr/include/c++/13/type_traits
DA:3644,38648
DA:3649,38648
LF:2
LH:2
end_of_record
TN:
SF:/usr/include/c++/13/typeindex
DA:57,0
DA:58,0
DA:61,0
DA:62,0
DA:99,0
DA:100,0
DA:120,0
DA:121,0
LF:8
LH:0
end_of_record
TN:
SF:/usr/include/c++/13/typeinfo
DA:103,307
DA:104,307
DA:119,0
DA:122,0
DA:123,0
DA:193,175
DA:195,175
DA:196,0
DA:198,175
DA:199,22
DA:206,153
LF:11
LH:7
end_of_record
TN:
SF:/usr/include/c++/13/variant
DA:145,2695
DA:150,661
DA:152,1818
DA:155,216
DA:181,877
DA:183,877
DA:185,877
DA:191,443
DA:192,443
DA:223,387
DA:224,387
DA:225,387
DA:227,391
DA:228,391
DA:230,2563
DA:231,2563
DA:236,60
DA:237,60
DA:248,764
DA:249,764
DA:250,764
DA:259,573
DA:260,573
DA:262,2173
DA:263,2173
DA:268,156
DA:269,156
DA:304,7860
DA:307,2087
DA:309,3047
DA:311,782
DA:313,1944
DA:314,1944
DA:320,5568
DA:321,5568
DA:379,8278
DA:383,1151
DA:384,1151
DA:385,1151
DA:389,1974
DA:390,1974
DA:391,1974
DA:401,1470
DA:404,1470
DA:452,877
DA:453,877
DA:454,877
DA:458,178
DA:459,178
DA:460,178
DA:461,178
DA:464,1818
DA:466,1818
DA:467,0
DA:469,5916
DA:471,2049
DA:474,1818
DA:478,1470
DA:479,1470
DA:482,2464
DA:485,2394
DA:486,70
DA:536,348
DA:538,348
DA:539,348
DA:540,348
DA:542,348
DA:543,348
DA:559,661
DA:561,661
DA:562,661
DA:563,1983
DA:565,661
DA:567,661
DA:570,661
DA:571,661
DA:596,216
DA:598,216
DA:599,216
DA:600,648
DA:602,216
DA:604,216
DA:607,216
DA:608,216
DA:609,216
DA:611,661
DA:635,0
DA:638,0
DA:639,0
DA:641,0
DA:643,0
DA:644,0
DA:645,0
DA:651,0
DA:655,0
DA:656,0
DA:660,0
DA:663,661
DA:664,216
DA:687,0
DA:690,0
DA:691,0
DA:693,0
DA:696,0
DA:697,0
DA:702,0
DA:712,0
DA:714,0
DA:717,661
DA:718,216
DA:719,0
DA:739,29
DA:740,29
DA:744,178
DA:745,178
DA:746,178
DA:748,661
DA:749,216
DA:750,0
DA:751,0
DA:860,589
DA:861,589
DA:885,589
DA:888,589
DA:1007,1588
DA:1010,1588
DA:1012,0
DA:1016,3637
DA:1021,877
DA:1022,0
DA:1024,877
DA:1032,703
DA:1034,711
DA:1036,2049
DA:1038,2049
DA:1039,877
DA:1113,1239
DA:1117,1239
DA:1122,665
DA:1127,665
DA:1128,665
DA:1180,4
DA:1186,4
DA:1187,4
DA:1188,0
DA:1204,4
DA:1209,4
DA:1210,4
DA:1308,0
DA:1310,0
DA:1311,0
DA:1314,0
DA:1324,0
DA:1325,0
DA:1328,0
DA:1330,0
DA:1331,0
DA:1333,0
DA:1334,0
DA:1403,29
DA:1404,661
DA:1405,216
DA:1406,0
DA:1407,0
DA:1408,1470
DA:1417,149
DA:1420,149
DA:1421,149
DA:1447,149
DA:1449,149
DA:1450,149
DA:1470,689
DA:1474,689
DA:1475,689
DA:1476,432
DA:1482,252
DA:1486,5
DA:1488,689
DA:1495,91
DA:1497,91
DA:1498,91
DA:1516,348
DA:1524,348
DA:1548,348
DA:1594,646
DA:1595,646
DA:1597,7180
DA:1601,7026
DA:1603,154
DA:1687,1628
DA:1691,1628
DA:1692,0
DA:1693,1628
DA:1732,3138
DA:1744,3138
DA:1749,3138
DA:1754,589
DA:1757,589
DA:1758,589
DA:1759,589
DA:1765,5098
DA:1789,2549
DA:1791,722
DA:1792,1065
DA:1793,124
DA:1794,130
DA:1795,124
DA:1796,136
DA:1797,124
DA:1798,124
DA:1802,0
DA:1810,0
DA:1811,0
DA:1815,0
DA:1816,0
DA:1827,443
DA:1831,443
DA:1832,0
DA:1843,443
DA:1854,435
DA:1856,443
LF:221
LH:174
end_of_record
TN:
SF:/usr/include/x86_64-linux-gnu/c++/13/bits/c++config.h
DA:322,0
DA:540,628640
DA:547,628640
LF:3
LH:2
end_of_record
TN:
SF:/usr/include/x86_64-linux-gnu/c++/13/bits/gthr-default.h
DA:300,128
DA:302,128
DA:691,0
DA:693,0
DA:697,14
DA:699,14
DA:700,14
DA:702,0
DA:746,57
DA:748,57
DA:749,57
DA:751,0
DA:776,57
DA:778,57
DA:779,57
DA:781,0
DA:809,29
DA:811,29
DA:830,29
DA:832,29
LF:20
LH:15
end_of_record
TN:
SF:/usr/include/yaml-cpp/exceptions.h
DA:129,0
DA:130,0
DA:131,0
DA:132,0
DA:133,0
DA:143,0
DA:144,0
DA:145,0
DA:146,0
DA:148,0
DA:149,0
DA:150,0
DA:155,0
DA:156,0
DA:165,0
DA:167,0
DA:168,0
DA:171,0
DA:172,0
DA:173,0
DA:174,0
DA:175,0
DA:188,0
DA:189,0
DA:231,0
DA:232,0
DA:233,0
DA:240,0
DA:241,0
DA:249,0
DA:263,0
DA:264,0
LF:32
LH:0
end_of_record
TN:
SF:/usr/include/yaml-cpp/mark.h
DA:16,0
DA:18,0
DA:24,0
DA:25,0
LF:4
LH:0
end_of_record
TN:
SF:/usr/include/yaml-cpp/node/convert.h
DA:36,0
DA:37,0
DA:38,0
DA:41,0
DA:42,0
DA:45,0
DA:46,0
DA:66,2640
DA:67,2640
DA:68,0
DA:69,2640
DA:70,2640
DA:87,92
DA:140,157
DA:141,157
DA:142,157
DA:144,0
DA:201,3
DA:213,154
DA:264,4
DA:265,4
DA:266,0
DA:268,4
DA:269,32
DA:274,12
DA:276,4
LF:26
LH:16
end_of_record
TN:
SF:/usr/include/yaml-cpp/node/detail/impl.h
DA:20,0
DA:22,0
DA:108,2640
DA:109,2640
DA:110,2640
DA:111,2640
DA:113,0
DA:114,2640
DA:142,945
DA:143,945
DA:144,945
DA:145,945
DA:146,0
DA:149,0
DA:150,0
DA:151,0
DA:154,0
DA:155,0
DA:156,0
DA:157,0
DA:160,3585
DA:161,2640
DA:164,945
DA:165,853
DA:168,92
DA:169,92
DA:170,92
DA:171,92
DA:225,92
DA:227,92
DA:228,92
DA:229,92
DA:230,92
DA:231,92
LF:34
LH:23
end_of_record
TN:
SF:/usr/include/yaml-cpp/node/detail/iterator.h
DA:47,0
DA:48,60
DA:49,60
DA:57,108
DA:58,108
DA:59,108
DA:74,138
DA:75,138
DA:78,108
DA:79,108
DA:80,108
DA:81,12
DA:82,96
DA:83,96
DA:84,0
LF:15
LH:13
end_of_record
TN:
SF:/usr/include/yaml-cpp/node/detail/memory.h
DA:25,92
DA:36,92
DA:38,184
LF:3
LH:3
end_of_record
TN:
SF:/usr/include/yaml-cpp/node/detail/node.h
DA:23,4
DA:34,2502
DA:35,0
DA:36,3582
DA:38,3055
DA:46,943
DA:47,943
DA:48,851
DA:50,92
DA:51,92
DA:52,0
DA:53,92
DA:56,945
DA:57,945
DA:58,851
DA:60,94
DA:61,945
DA:81,0
DA:82,0
DA:83,0
DA:84,0
DA:85,92
DA:86,92
DA:87,92
DA:88,92
DA:106,30
DA:111,30
DA:134,945
DA:135,945
DA:136,945
DA:137,945
LF:31
LH:25
end_of_record
TN:
SF:/usr/include/yaml-cpp/node/detail/node_data.h
DA:44,2502
DA:45,0
DA:46,3582
DA:47,3582
DA:49,3055
LF:5
LH:4
end_of_record
TN:
SF:/usr/include/yaml-cpp/node/detail/node_iterator.h
DA:29,0
DA:30,12
DA:31,96
DA:33,12
DA:76,0
DA:77,0
DA:104,138
DA:105,138
DA:106,0
DA:108,138
DA:109,0
DA:110,0
DA:111,16
DA:112,16
DA:113,122
DA:114,122
DA:116,0
DA:120,138
DA:121,138
DA:124,108
DA:125,108
DA:126,0
DA:127,0
DA:128,12
DA:129,12
DA:130,12
DA:131,96
DA:132,96
DA:133,96
DA:134,96
DA:136,108
DA:145,108
DA:146,108
DA:147,0
DA:148,0
DA:149,12
DA:150,12
DA:151,96
DA:152,96
DA:154,0
DA:159,96
DA:160,96
DA:161,0
DA:162,96
DA:165,70
DA:166,70
LF:46
LH:33
end_of_record
TN:
SF:/usr/include/yaml-cpp/node/detail/node_ref.h
DA:23,2502
DA:24,0
DA:25,3582
DA:26,3055
DA:30,92
DA:36,0
DA:37,92
DA:46,30
DA:51,30
DA:67,945
DA:68,945
LF:11
LH:9
end_of_record
TN:
SF:/usr/include/yaml-cpp/node/impl.h
DA:19,0
DA:20,0
DA:31,92
DA:32,92
DA:33,92
DA:34,92
DA:35,92
DA:36,92
DA:37,92
DA:45,309
DA:47,120
DA:48,120
DA:53,3789
DA:54,3789
DA:56,4321
DA:58,1129
DA:59,1129
DA:60,0
DA:61,1129
DA:62,0
DA:63,0
DA:64,0
DA:66,1129
DA:68,474
DA:69,474
DA:70,0
DA:72,474
DA:75,0
DA:76,0
DA:77,0
DA:79,0
DA:82,3582
DA:83,3582
DA:84,0
DA:85,3582
DA:123,163
DA:126,163
DA:127,163
DA:128,0
DA:130,4
DA:131,163
DA:132,167
DA:133,0
DA:134,4
DA:139,258
DA:142,258
DA:143,258
DA:144,0
DA:145,258
DA:146,0
DA:147,258
DA:153,421
DA:154,421
DA:155,0
DA:156,421
DA:166,3055
DA:167,3055
DA:168,0
DA:169,3055
DA:236,92
DA:237,92
DA:238,184
DA:239,92
DA:277,19
DA:278,19
DA:279,0
DA:280,57
DA:281,19
DA:284,11
DA:285,11
DA:286,0
DA:287,11
DA:290,19
DA:291,19
DA:292,0
DA:293,19
DA:296,11
DA:297,11
DA:298,0
DA:299,11
DA:336,945
DA:337,945
DA:338,945
DA:339,945
LF:84
LH:62
end_of_record
TN:
SF:/usr/include/yaml-cpp/node/iterator.h
DA:21,0
DA:22,12
DA:23,12
DA:24,12
DA:25,96
DA:26,96
LF:6
LH:5
end_of_record
TN:
SF:/usr/include/yaml-cpp/node/node.h
DA:56,2717
DA:57,85
DA:58,107
DA:61,312
DA:62,162
LF:5
LH:5
end_of_record
