TN:
SF:/home/runner/work/ros2_uav_parameters/ros2_uav_parameters/src/ros2_uav_parameters/examples/parameter_client_usage.cpp
DA:27,1
DA:28,3
DA:31,1
DA:33,2
DA:34,2
DA:35,2
DA:38,1
DA:39,1
DA:40,1
DA:46,1
DA:48,1
DA:52,4
DA:57,1
DA:60,1
DA:61,1
DA:62,1
DA:63,4
LF:17
LH:17
end_of_record
TN:
SF:/home/runner/work/ros2_uav_parameters/ros2_uav_parameters/src/ros2_uav_parameters/src/parameter_client.cpp
DA:26,4
DA:28,4
DA:29,4
DA:31,4
DA:32,4
DA:33,1
DA:35,2
DA:38,4
DA:39,8
DA:40,4
DA:41,1
DA:44,3
DA:45,9
DA:46,7
DA:48,1
DA:52,2
DA:53,2
DA:55,6
DA:56,8
DA:57,4
DA:58,8
DA:60,4
DA:61,14
DA:63,2
DA:65,2
DA:66,2
DA:68,2
DA:70,2
DA:72,6
DA:73,4
DA:74,4
DA:75,4
DA:76,4
DA:77,4
DA:80,4
DA:82,4
DA:83,4
DA:84,4
DA:85,4
DA:93,4
DA:96,4
DA:97,4
DA:98,4
DA:99,4
DA:106,4
DA:107,2
LF:46
LH:46
end_of_record
TN:
SF:/home/runner/work/ros2_uav_parameters/ros2_uav_parameters/src/ros2_uav_parameters/src/parameter_server.cpp
DA:33,3
DA:34,9
DA:37,3
DA:38,3
DA:45,11
DA:47,11
DA:48,94
DA:49,83
DA:51,0
DA:52,0
DA:54,83
DA:55,83
DA:56,83
DA:57,83
DA:59,11
DA:61,3
DA:63,6
DA:64,14
DA:65,11
DA:67,11
DA:68,11
DA:69,11
DA:70,0
DA:74,0
DA:75,0
DA:77,3
DA:78,3
DA:83,3
DA:85,3
DA:87,3
DA:89,3
DA:91,3
DA:92,3
DA:93,3
DA:94,3
DA:95,6
DA:98,3
DA:100,3
DA:102,3
DA:103,3
DA:104,3
DA:105,3
LF:42
LH:37
end_of_record
TN:
SF:/home/runner/work/ros2_uav_parameters/ros2_uav_parameters/src/ros2_uav_parameters/src/parameters/parameter.cpp
DA:26,13
DA:28,13
DA:29,13
DA:30,3
DA:31,3
DA:32,3
DA:33,10
DA:34,3
DA:35,3
DA:36,3
DA:37,7
DA:38,1
DA:39,6
DA:40,1
DA:41,5
DA:42,1
DA:43,1
DA:44,1
DA:45,4
DA:46,1
DA:47,1
DA:48,1
DA:49,3
DA:50,1
DA:51,2
DA:52,1
DA:54,1
DA:56,14
DA:58,19
DA:61,19
DA:62,19
DA:64,19
DA:65,19
DA:67,8
DA:70,8
DA:71,8
DA:73,8
DA:75,122
DA:79,122
DA:80,16
DA:81,8
DA:83,114
DA:84,114
DA:85,114
DA:86,16
DA:87,16
DA:88,16
DA:89,48
DA:90,98
DA:91,80
DA:92,80
DA:93,80
DA:94,240
DA:96,114
DA:97,228
DA:98,114
DA:99,228
DA:101,342
DA:102,114
DA:103,342
DA:104,114
DA:106,16
DA:110,16
DA:111,16
DA:113,114
DA:115,114
DA:116,16
DA:117,24
DA:118,24
DA:119,40
DA:120,98
DA:121,80
DA:122,84
DA:123,84
DA:124,164
DA:125,18
DA:126,2
DA:127,4
DA:128,4
DA:129,6
DA:130,16
DA:131,6
DA:132,8
DA:133,8
DA:134,14
DA:135,10
DA:136,2
DA:137,4
DA:138,4
DA:139,6
DA:140,8
DA:141,2
DA:142,4
DA:143,4
DA:144,6
DA:145,6
DA:146,4
DA:147,6
DA:148,6
DA:149,10
DA:150,2
DA:151,2
DA:152,4
DA:153,4
DA:154,6
DA:163,10
DA:166,10
DA:167,10
DA:169,10
DA:170,10
DA:172,1
DA:175,1
DA:176,1
DA:178,1
DA:180,94
DA:182,94
DA:183,2
DA:184,1
DA:186,93
DA:187,190
DA:189,93
DA:190,93
DA:191,93
DA:192,93
DA:195,96
DA:196,186
DA:198,186
DA:202,10
DA:203,103
DA:204,93
DA:206,1
DA:208,1
DA:209,1
DA:211,97
DA:213,97
DA:214,102
DA:215,5
DA:218,5
DA:219,1
DA:221,4
DA:222,4
DA:223,4
DA:224,4
DA:225,8
DA:226,4
DA:227,4
DA:228,4
DA:229,4
DA:230,8
DA:234,5
DA:235,2
DA:239,2
DA:243,1
DA:244,1
DA:245,5
DA:247,98
DA:248,1
DA:250,1
DA:251,1
DA:252,1
DA:255,97
DA:257,10
DA:261,10
DA:262,10
DA:263,11
DA:265,8
DA:267,1
DA:268,16
DA:270,2
DA:273,1
DA:274,1
DA:275,1
DA:277,7
DA:278,7
DA:279,7
DA:280,7
DA:281,7
DA:282,4
DA:283,2
DA:285,1
DA:286,2
DA:287,1
DA:288,1
DA:290,2
DA:293,1
DA:294,1
DA:297,10
LF:187
LH:187
end_of_record
